[ 2017-10-08T20:30:31+08:00 ] ::1 /apartment/Public/admin/css/style.css
ERR: 无法加载控制器:Public

[ 2017-10-08T20:30:31+08:00 ] ::1 /apartment/Public/admin/js/jquery.js
ERR: 无法加载控制器:Public

[ 2017-10-08T20:31:11+08:00 ] ::1 /apartment/Public/admin/css/style.css
ERR: 无法加载控制器:Public

[ 2017-10-08T20:31:11+08:00 ] ::1 /apartment/Public/admin/js/jquery.js
ERR: 无法加载控制器:Public

[ 2017-10-08T20:31:12+08:00 ] ::1 /apartment/Public/admin/css/style.css
ERR: 无法加载控制器:Public

[ 2017-10-08T20:31:12+08:00 ] ::1 /apartment/Public/admin/js/jquery.js
ERR: 无法加载控制器:Public

[ 2017-10-08T20:31:22+08:00 ] ::1 /apartment/Public/admin/css/style.css
ERR: 无法加载控制器:Public

[ 2017-10-08T20:31:22+08:00 ] ::1 /apartment/Public/admin/js/jquery.js
ERR: 无法加载控制器:Public

[ 2017-10-08T20:31:26+08:00 ] ::1 /apartment/Public/admin/css/style.css
ERR: 无法加载控制器:Public

[ 2017-10-08T20:46:26+08:00 ] ::1 /apartment/Public/admin/editor/php/upload.php
ERR: 无法加载控制器:Public

[ 2017-10-08T20:47:25+08:00 ] ::1 /apartment/Public/admin/editor/php/upload.php
ERR: 无法加载控制器:Public

[ 2017-10-08T20:49:26+08:00 ] ::1 /apartment/Public/admin/editor/php/upload.php
ERR: 无法加载控制器:Public

[ 2017-10-08T20:49:44+08:00 ] ::1 /apartment/Public/admin/editor/php/upload.php
ERR: 无法加载控制器:Public

[ 2017-10-08T21:19:26+08:00 ] ::1 /apartment/Public/admin/edu/ueditor.config.min.js
ERR: 无法加载控制器:Public

[ 2017-10-08T21:45:31+08:00 ] ::1 /apartment/introduction.html
ERR: 无法加载控制器:Introduction

