[ 2017-10-17T18:02:53+08:00 ] ::1 /apartment/
INFO: [ app_init ] --START--
INFO: Run Behavior\BuildLiteBehavior [ RunTime:0.000054s ]
INFO: [ app_init ] --END-- [ RunTime:0.043165s ]
INFO: [ app_begin ] --START--
INFO: Run Behavior\ReadHtmlCacheBehavior [ RunTime:0.007849s ]
INFO: [ app_begin ] --END-- [ RunTime:0.008101s ]
SQL: SHOW COLUMNS FROM `apart_article` [ RunTime:0.0193s ]
SQL: SELECT `articleId`,`aTitle`,`category` FROM `apart_article` WHERE `category` = 'tzgg' ORDER BY aTime desc LIMIT 7   [ RunTime:0.0190s ]
SQL: SELECT `articleId`,`aTitle`,`category` FROM `apart_article` WHERE `category` = 'fwzl' ORDER BY aTime desc LIMIT 7   [ RunTime:0.0198s ]
SQL: SELECT `articleId`,`aTitle`,`category` FROM `apart_article` WHERE `category` = 'gzzd' ORDER BY aTime desc LIMIT 7   [ RunTime:0.0184s ]
SQL: SELECT `articleId`,`aTitle`,`category` FROM `apart_article` WHERE ( category='sgdt' or category='xyxw' or category='xsgz' or category='xggy' ) ORDER BY aTime desc LIMIT 7   [ RunTime:0.0214s ]
SQL: SELECT `articleId`,`aTitle`,`category` FROM `apart_article` WHERE ( category='xfzs' or category='ydgl' or category='zagl' or category='crbzs' ) ORDER BY aTime desc LIMIT 7   [ RunTime:0.0188s ]
SQL: SELECT `articleId`,`aTitle`,`image`,`category` FROM `apart_article` WHERE ( image is not null AND isnav=1 AND image <> '' ) ORDER BY aTime desc LIMIT 7   [ RunTime:0.0195s ]
SQL: SELECT `articleId`,`aTitle`,`image`,`category` FROM `apart_article` WHERE ( image is not null AND (category='xszt' or category='byszt' or category='whyzt' or category='hbzt') ) ORDER BY aTime desc LIMIT 3   [ RunTime:0.0197s ]
SQL: SELECT `articleId`,`aTitle`,`image`,`category` FROM `apart_article` WHERE ( (image is not null) AND (category='whjs') ) ORDER BY aTime desc LIMIT 8   [ RunTime:0.0262s ]
INFO: [ view_parse ] --START--
INFO: [ template_filter ] --START--
INFO: Run Behavior\ContentReplaceBehavior [ RunTime:0.034926s ]
INFO: [ template_filter ] --END-- [ RunTime:0.035175s ]
INFO: Run Behavior\ParseTemplateBehavior [ RunTime:0.200346s ]
INFO: [ view_parse ] --END-- [ RunTime:0.200580s ]
INFO: [ view_filter ] --START--
INFO: Run Behavior\WriteHtmlCacheBehavior [ RunTime:0.020191s ]
INFO: [ view_filter ] --END-- [ RunTime:0.020413s ]
INFO: [ app_end ] --START--
INFO: Run Behavior\ShowPageTraceBehavior [ RunTime:0.208434s ]
INFO: [ app_end ] --END-- [ RunTime:0.208646s ]

[ 2017-10-17T18:02:53+08:00 ] ::1 /apartment/Public/Upload/images/20171015/59e2bc3b215a1.jpg
INFO: [ app_init ] --START--
INFO: Run Behavior\BuildLiteBehavior [ RunTime:0.000031s ]
INFO: [ app_init ] --END-- [ RunTime:0.001017s ]

[ 2017-10-17T18:02:53+08:00 ] ::1 /apartment/Public/Upload/images/20171015/59e2bbf99ba11.jpg
INFO: [ app_init ] --START--
INFO: Run Behavior\BuildLiteBehavior [ RunTime:0.000035s ]
INFO: [ app_init ] --END-- [ RunTime:0.001323s ]

[ 2017-10-17T18:02:53+08:00 ] ::1 /apartment/Public/Upload/images/20171015/59e2b7884791b.jpg
INFO: [ app_init ] --START--
INFO: Run Behavior\BuildLiteBehavior [ RunTime:0.000036s ]
INFO: [ app_init ] --END-- [ RunTime:0.001591s ]

[ 2017-10-17T18:02:53+08:00 ] ::1 /apartment/Public/Upload/images/20171015/59e2b6d213aa6.jpg
INFO: [ app_init ] --START--
INFO: Run Behavior\BuildLiteBehavior [ RunTime:0.000032s ]
INFO: [ app_init ] --END-- [ RunTime:0.001225s ]

[ 2017-10-17T18:02:53+08:00 ] ::1 /apartment/Public/Upload/images/20171015/59e2b63ca8207.jpg
INFO: [ app_init ] --START--
INFO: Run Behavior\BuildLiteBehavior [ RunTime:0.000033s ]
INFO: [ app_init ] --END-- [ RunTime:0.001065s ]

[ 2017-10-17T18:02:53+08:00 ] ::1 /apartment/Public/Upload/images/20171015/59e2b580eb284.jpg
INFO: [ app_init ] --START--
INFO: Run Behavior\BuildLiteBehavior [ RunTime:0.000032s ]
INFO: [ app_init ] --END-- [ RunTime:0.001008s ]

[ 2017-10-17T18:02:53+08:00 ] ::1 /apartment/Public/Upload/images/20171015/59e2b68b9cf75.jpg
INFO: [ app_init ] --START--
INFO: Run Behavior\BuildLiteBehavior [ RunTime:0.000037s ]
INFO: [ app_init ] --END-- [ RunTime:0.001710s ]

[ 2017-10-17T18:02:57+08:00 ] ::1 /apartment/
INFO: [ app_init ] --START--
INFO: Run Behavior\BuildLiteBehavior [ RunTime:0.000031s ]
INFO: [ app_init ] --END-- [ RunTime:0.000931s ]
INFO: [ app_begin ] --START--
INFO: Run Behavior\ReadHtmlCacheBehavior [ RunTime:0.002063s ]
INFO: [ app_begin ] --END-- [ RunTime:0.002208s ]
SQL: SHOW COLUMNS FROM `apart_article` [ RunTime:0.0190s ]
SQL: SELECT `articleId`,`aTitle`,`category` FROM `apart_article` WHERE `category` = 'tzgg' ORDER BY aTime desc LIMIT 7   [ RunTime:0.0181s ]
SQL: SELECT `articleId`,`aTitle`,`category` FROM `apart_article` WHERE `category` = 'fwzl' ORDER BY aTime desc LIMIT 7   [ RunTime:0.0181s ]
SQL: SELECT `articleId`,`aTitle`,`category` FROM `apart_article` WHERE `category` = 'gzzd' ORDER BY aTime desc LIMIT 7   [ RunTime:0.0185s ]
SQL: SELECT `articleId`,`aTitle`,`category` FROM `apart_article` WHERE ( category='sgdt' or category='xyxw' or category='xsgz' or category='xggy' ) ORDER BY aTime desc LIMIT 7   [ RunTime:0.0189s ]
SQL: SELECT `articleId`,`aTitle`,`category` FROM `apart_article` WHERE ( category='xfzs' or category='ydgl' or category='zagl' or category='crbzs' ) ORDER BY aTime desc LIMIT 7   [ RunTime:0.0183s ]
SQL: SELECT `articleId`,`aTitle`,`image`,`category` FROM `apart_article` WHERE ( image is not null AND isnav=1 AND image <> '' ) ORDER BY aTime desc LIMIT 7   [ RunTime:0.0192s ]
SQL: SELECT `articleId`,`aTitle`,`image`,`category` FROM `apart_article` WHERE ( image is not null AND (category='xszt' or category='byszt' or category='whyzt' or category='hbzt') ) ORDER BY aTime desc LIMIT 3   [ RunTime:0.0189s ]
SQL: SELECT `articleId`,`aTitle`,`image`,`category` FROM `apart_article` WHERE ( (image is not null) AND (category='whjs') ) ORDER BY aTime desc LIMIT 8   [ RunTime:0.0198s ]
INFO: [ view_parse ] --START--
INFO: [ template_filter ] --START--
INFO: Run Behavior\ContentReplaceBehavior [ RunTime:0.000628s ]
INFO: [ template_filter ] --END-- [ RunTime:0.000934s ]
INFO: Run Behavior\ParseTemplateBehavior [ RunTime:0.093991s ]
INFO: [ view_parse ] --END-- [ RunTime:0.094256s ]
INFO: [ view_filter ] --START--
INFO: Run Behavior\WriteHtmlCacheBehavior [ RunTime:0.002417s ]
INFO: [ view_filter ] --END-- [ RunTime:0.002583s ]
INFO: [ app_end ] --START--
INFO: Run Behavior\ShowPageTraceBehavior [ RunTime:0.003669s ]
INFO: [ app_end ] --END-- [ RunTime:0.003876s ]

[ 2017-10-17T18:02:57+08:00 ] ::1 /apartment/Public/Upload/images/20171015/59e2b7884791b.jpg
INFO: [ app_init ] --START--
INFO: Run Behavior\BuildLiteBehavior [ RunTime:0.000035s ]
INFO: [ app_init ] --END-- [ RunTime:0.001211s ]

[ 2017-10-17T18:02:57+08:00 ] ::1 /apartment/Public/Upload/images/20171015/59e2b63ca8207.jpg
INFO: [ app_init ] --START--
INFO: Run Behavior\BuildLiteBehavior [ RunTime:0.000042s ]
INFO: [ app_init ] --END-- [ RunTime:0.002071s ]

[ 2017-10-17T18:02:57+08:00 ] ::1 /apartment/Public/Upload/images/20171015/59e2bbf99ba11.jpg
INFO: [ app_init ] --START--
INFO: Run Behavior\BuildLiteBehavior [ RunTime:0.000034s ]
INFO: [ app_init ] --END-- [ RunTime:0.000945s ]

[ 2017-10-17T18:02:57+08:00 ] ::1 /apartment/Public/Upload/images/20171015/59e2b68b9cf75.jpg
INFO: [ app_init ] --START--
INFO: Run Behavior\BuildLiteBehavior [ RunTime:0.000042s ]
INFO: [ app_init ] --END-- [ RunTime:0.001791s ]

[ 2017-10-17T18:02:57+08:00 ] ::1 /apartment/Public/Upload/images/20171015/59e2b6d213aa6.jpg
INFO: [ app_init ] --START--
INFO: Run Behavior\BuildLiteBehavior [ RunTime:0.000225s ]
INFO: [ app_init ] --END-- [ RunTime:0.001506s ]

[ 2017-10-17T18:02:57+08:00 ] ::1 /apartment/Public/Upload/images/20171015/59e2bc3b215a1.jpg
INFO: [ app_init ] --START--
INFO: Run Behavior\BuildLiteBehavior [ RunTime:0.000034s ]
INFO: [ app_init ] --END-- [ RunTime:0.000996s ]

[ 2017-10-17T18:02:57+08:00 ] ::1 /apartment/Public/Upload/images/20171015/59e2b580eb284.jpg
INFO: [ app_init ] --START--
INFO: Run Behavior\BuildLiteBehavior [ RunTime:0.000042s ]
INFO: [ app_init ] --END-- [ RunTime:0.001578s ]

[ 2017-10-17T18:02:58+08:00 ] ::1 /apartment/Public/Upload/images/20171015/59e2b580eb284.jpg
INFO: [ app_init ] --START--
INFO: Run Behavior\BuildLiteBehavior [ RunTime:0.000032s ]
INFO: [ app_init ] --END-- [ RunTime:0.000946s ]

[ 2017-10-17T18:02:58+08:00 ] ::1 /apartment/Public/Upload/images/20171015/59e2bbf99ba11.jpg
INFO: [ app_init ] --START--
INFO: Run Behavior\BuildLiteBehavior [ RunTime:0.000039s ]
INFO: [ app_init ] --END-- [ RunTime:0.001124s ]

[ 2017-10-17T18:02:58+08:00 ] ::1 /apartment/Public/Upload/images/20171016/59e47a5500d4b.jpg
INFO: [ app_init ] --START--
INFO: Run Behavior\BuildLiteBehavior [ RunTime:0.000039s ]
INFO: [ app_init ] --END-- [ RunTime:0.001171s ]

[ 2017-10-17T18:02:58+08:00 ] ::1 /apartment/Public/Upload/images/20171015/59e2b63ca8207.jpg
INFO: [ app_init ] --START--
INFO: Run Behavior\BuildLiteBehavior [ RunTime:0.000038s ]
INFO: [ app_init ] --END-- [ RunTime:0.001278s ]

[ 2017-10-17T18:02:58+08:00 ] ::1 /apartment/Public/Upload/images/20171015/59e2b68b9cf75.jpg
INFO: [ app_init ] --START--
INFO: Run Behavior\BuildLiteBehavior [ RunTime:0.000044s ]
INFO: [ app_init ] --END-- [ RunTime:0.001874s ]

[ 2017-10-17T18:02:58+08:00 ] ::1 /apartment/Public/Upload/images/20171015/59e2bc3b215a1.jpg
INFO: [ app_init ] --START--
INFO: Run Behavior\BuildLiteBehavior [ RunTime:0.000039s ]
INFO: [ app_init ] --END-- [ RunTime:0.001295s ]

[ 2017-10-17T18:02:58+08:00 ] ::1 /apartment/Public/Upload/images/20171016/59e47a3e7a465.jpg
INFO: [ app_init ] --START--
INFO: Run Behavior\BuildLiteBehavior [ RunTime:0.000039s ]
INFO: [ app_init ] --END-- [ RunTime:0.001295s ]

[ 2017-10-17T18:02:58+08:00 ] ::1 /apartment/Public/Upload/images/20171016/59e47a86cbdef.jpg
INFO: [ app_init ] --START--
INFO: Run Behavior\BuildLiteBehavior [ RunTime:0.000033s ]
INFO: [ app_init ] --END-- [ RunTime:0.001167s ]

[ 2017-10-17T18:07:04+08:00 ] ::1 /apartment/
INFO: [ app_init ] --START--
INFO: Run Behavior\BuildLiteBehavior [ RunTime:0.000044s ]
INFO: [ app_init ] --END-- [ RunTime:0.001932s ]
INFO: [ app_begin ] --START--
INFO: Run Behavior\ReadHtmlCacheBehavior [ RunTime:0.003025s ]
INFO: [ app_begin ] --END-- [ RunTime:0.003219s ]
SQL: SHOW COLUMNS FROM `apart_article` [ RunTime:0.0196s ]
SQL: SELECT `articleId`,`aTitle`,`category` FROM `apart_article` WHERE `category` = 'tzgg' ORDER BY aTime desc LIMIT 7   [ RunTime:0.0184s ]
SQL: SELECT `articleId`,`aTitle`,`category` FROM `apart_article` WHERE `category` = 'fwzl' ORDER BY aTime desc LIMIT 7   [ RunTime:0.0182s ]
SQL: SELECT `articleId`,`aTitle`,`category` FROM `apart_article` WHERE `category` = 'gzzd' ORDER BY aTime desc LIMIT 7   [ RunTime:0.0187s ]
SQL: SELECT `articleId`,`aTitle`,`category` FROM `apart_article` WHERE ( category='sgdt' or category='xyxw' or category='xsgz' or category='xggy' ) ORDER BY aTime desc LIMIT 7   [ RunTime:0.0277s ]
SQL: SELECT `articleId`,`aTitle`,`category` FROM `apart_article` WHERE ( category='xfzs' or category='ydgl' or category='zagl' or category='crbzs' ) ORDER BY aTime desc LIMIT 7   [ RunTime:0.0201s ]
SQL: SELECT `articleId`,`aTitle`,`image`,`category` FROM `apart_article` WHERE ( image is not null AND isnav=1 AND image <> '' ) ORDER BY aTime desc LIMIT 7   [ RunTime:0.0194s ]
SQL: SELECT `articleId`,`aTitle`,`image`,`category` FROM `apart_article` WHERE ( image is not null AND (category='xszt' or category='byszt' or category='whyzt' or category='hbzt') ) ORDER BY aTime desc LIMIT 3   [ RunTime:0.0186s ]
SQL: SELECT `articleId`,`aTitle`,`image`,`category` FROM `apart_article` WHERE ( (image is not null) AND (category='whjs') ) ORDER BY aTime desc LIMIT 8   [ RunTime:0.0189s ]
INFO: [ view_parse ] --START--
INFO: [ template_filter ] --START--
INFO: Run Behavior\ContentReplaceBehavior [ RunTime:0.000441s ]
INFO: [ template_filter ] --END-- [ RunTime:0.000586s ]
INFO: Run Behavior\ParseTemplateBehavior [ RunTime:0.059816s ]
INFO: [ view_parse ] --END-- [ RunTime:0.060017s ]
INFO: [ view_filter ] --START--
INFO: Run Behavior\WriteHtmlCacheBehavior [ RunTime:0.001829s ]
INFO: [ view_filter ] --END-- [ RunTime:0.001953s ]
INFO: [ app_end ] --START--
INFO: Run Behavior\ShowPageTraceBehavior [ RunTime:0.002502s ]
INFO: [ app_end ] --END-- [ RunTime:0.002744s ]

[ 2017-10-17T18:07:04+08:00 ] ::1 /apartment/Public/Upload/images/20171015/59e2bc3b215a1.jpg
INFO: [ app_init ] --START--
INFO: Run Behavior\BuildLiteBehavior [ RunTime:0.000031s ]
INFO: [ app_init ] --END-- [ RunTime:0.001055s ]

[ 2017-10-17T18:07:04+08:00 ] ::1 /apartment/Public/Upload/images/20171015/59e2bbf99ba11.jpg
INFO: [ app_init ] --START--
INFO: Run Behavior\BuildLiteBehavior [ RunTime:0.000036s ]
INFO: [ app_init ] --END-- [ RunTime:0.001209s ]

[ 2017-10-17T18:07:04+08:00 ] ::1 /apartment/Public/Upload/images/20171015/59e2b7884791b.jpg
INFO: [ app_init ] --START--
INFO: Run Behavior\BuildLiteBehavior [ RunTime:0.000036s ]
INFO: [ app_init ] --END-- [ RunTime:0.000998s ]

[ 2017-10-17T18:07:04+08:00 ] ::1 /apartment/Public/Upload/images/20171015/59e2b6d213aa6.jpg
INFO: [ app_init ] --START--
INFO: Run Behavior\BuildLiteBehavior [ RunTime:0.000038s ]
INFO: [ app_init ] --END-- [ RunTime:0.001541s ]

[ 2017-10-17T18:07:04+08:00 ] ::1 /apartment/Public/Upload/images/20171015/59e2b68b9cf75.jpg
INFO: [ app_init ] --START--
INFO: Run Behavior\BuildLiteBehavior [ RunTime:0.000051s ]
INFO: [ app_init ] --END-- [ RunTime:0.001777s ]

[ 2017-10-17T18:07:04+08:00 ] ::1 /apartment/Public/Upload/images/20171015/59e2b580eb284.jpg
INFO: [ app_init ] --START--
INFO: Run Behavior\BuildLiteBehavior [ RunTime:0.000045s ]
INFO: [ app_init ] --END-- [ RunTime:0.001948s ]

[ 2017-10-17T18:07:04+08:00 ] ::1 /apartment/Public/Upload/images/20171015/59e2b63ca8207.jpg
INFO: [ app_init ] --START--
INFO: Run Behavior\BuildLiteBehavior [ RunTime:0.000045s ]
INFO: [ app_init ] --END-- [ RunTime:0.002143s ]

[ 2017-10-17T18:07:06+08:00 ] ::1 /apartment/Public/Upload/images/20171015/59e2bc3b215a1.jpg
INFO: [ app_init ] --START--
INFO: Run Behavior\BuildLiteBehavior [ RunTime:0.000042s ]
INFO: [ app_init ] --END-- [ RunTime:0.001650s ]

[ 2017-10-17T18:07:06+08:00 ] ::1 /apartment/Public/Upload/images/20171015/59e2b580eb284.jpg
INFO: [ app_init ] --START--
INFO: Run Behavior\BuildLiteBehavior [ RunTime:0.000046s ]
INFO: [ app_init ] --END-- [ RunTime:0.001700s ]

[ 2017-10-17T18:07:06+08:00 ] ::1 /apartment/Public/Upload/images/20171016/59e47a5500d4b.jpg
INFO: [ app_init ] --START--
INFO: Run Behavior\BuildLiteBehavior [ RunTime:0.000048s ]
INFO: [ app_init ] --END-- [ RunTime:0.002547s ]

[ 2017-10-17T18:07:06+08:00 ] ::1 /apartment/Public/Upload/images/20171016/59e47a3e7a465.jpg
INFO: [ app_init ] --START--
INFO: Run Behavior\BuildLiteBehavior [ RunTime:0.000052s ]
INFO: [ app_init ] --END-- [ RunTime:0.004251s ]

[ 2017-10-17T18:07:06+08:00 ] ::1 /apartment/Public/Upload/images/20171016/59e47a86cbdef.jpg
INFO: [ app_init ] --START--
INFO: Run Behavior\BuildLiteBehavior [ RunTime:0.000045s ]
INFO: [ app_init ] --END-- [ RunTime:0.005339s ]

[ 2017-10-17T18:07:06+08:00 ] ::1 /apartment/Public/Upload/images/20171015/59e2b68b9cf75.jpg
INFO: [ app_init ] --START--
INFO: Run Behavior\BuildLiteBehavior [ RunTime:0.000163s ]
INFO: [ app_init ] --END-- [ RunTime:0.009421s ]

[ 2017-10-17T18:07:06+08:00 ] ::1 /apartment/Public/Upload/images/20171015/59e2b63ca8207.jpg
INFO: [ app_init ] --START--
INFO: Run Behavior\BuildLiteBehavior [ RunTime:0.000057s ]
INFO: [ app_init ] --END-- [ RunTime:0.001892s ]

[ 2017-10-17T18:07:06+08:00 ] ::1 /apartment/Public/Upload/images/20171015/59e2bbf99ba11.jpg
INFO: [ app_init ] --START--
INFO: Run Behavior\BuildLiteBehavior [ RunTime:0.000064s ]
INFO: [ app_init ] --END-- [ RunTime:0.001957s ]

[ 2017-10-17T18:08:25+08:00 ] ::1 /apartment/
INFO: [ app_init ] --START--
INFO: Run Behavior\BuildLiteBehavior [ RunTime:0.000046s ]
INFO: [ app_init ] --END-- [ RunTime:0.001926s ]
INFO: [ app_begin ] --START--
INFO: Run Behavior\ReadHtmlCacheBehavior [ RunTime:0.005361s ]
INFO: [ app_begin ] --END-- [ RunTime:0.005588s ]
SQL: SHOW COLUMNS FROM `apart_article` [ RunTime:0.0215s ]
SQL: SELECT `articleId`,`aTitle`,`category` FROM `apart_article` WHERE `category` = 'tzgg' ORDER BY aTime desc LIMIT 7   [ RunTime:0.0200s ]
SQL: SELECT `articleId`,`aTitle`,`category` FROM `apart_article` WHERE `category` = 'fwzl' ORDER BY aTime desc LIMIT 7   [ RunTime:0.0196s ]
SQL: SELECT `articleId`,`aTitle`,`category` FROM `apart_article` WHERE `category` = 'gzzd' ORDER BY aTime desc LIMIT 7   [ RunTime:0.0206s ]
SQL: SELECT `articleId`,`aTitle`,`category` FROM `apart_article` WHERE ( category='sgdt' or category='xyxw' or category='xsgz' or category='xggy' ) ORDER BY aTime desc LIMIT 7   [ RunTime:0.0208s ]
SQL: SELECT `articleId`,`aTitle`,`category` FROM `apart_article` WHERE ( category='xfzs' or category='ydgl' or category='zagl' or category='crbzs' ) ORDER BY aTime desc LIMIT 7   [ RunTime:0.0213s ]
SQL: SELECT `articleId`,`aTitle`,`image`,`category` FROM `apart_article` WHERE ( image is not null AND isnav=1 AND image <> '' ) ORDER BY aTime desc LIMIT 7   [ RunTime:0.0202s ]
SQL: SELECT `articleId`,`aTitle`,`image`,`category` FROM `apart_article` WHERE ( image is not null AND (category='xszt' or category='byszt' or category='whyzt' or category='hbzt') ) ORDER BY aTime desc LIMIT 3   [ RunTime:0.0198s ]
SQL: SELECT `articleId`,`aTitle`,`image`,`category` FROM `apart_article` WHERE ( (image is not null) AND (category='whjs') ) ORDER BY aTime desc LIMIT 8   [ RunTime:0.0197s ]
INFO: [ view_parse ] --START--
INFO: [ template_filter ] --START--
INFO: Run Behavior\ContentReplaceBehavior [ RunTime:0.000416s ]
INFO: [ template_filter ] --END-- [ RunTime:0.000552s ]
INFO: Run Behavior\ParseTemplateBehavior [ RunTime:0.070839s ]
INFO: [ view_parse ] --END-- [ RunTime:0.071019s ]
INFO: [ view_filter ] --START--
INFO: Run Behavior\WriteHtmlCacheBehavior [ RunTime:0.001699s ]
INFO: [ view_filter ] --END-- [ RunTime:0.001829s ]
INFO: [ app_end ] --START--
INFO: Run Behavior\ShowPageTraceBehavior [ RunTime:0.002368s ]
INFO: [ app_end ] --END-- [ RunTime:0.002553s ]

[ 2017-10-17T18:08:26+08:00 ] ::1 /apartment/Public/Upload/images/20171015/59e2bc3b215a1.jpg
INFO: [ app_init ] --START--
INFO: Run Behavior\BuildLiteBehavior [ RunTime:0.000040s ]
INFO: [ app_init ] --END-- [ RunTime:0.001378s ]

[ 2017-10-17T18:08:26+08:00 ] ::1 /apartment/Public/Upload/images/20171015/59e2bbf99ba11.jpg
INFO: [ app_init ] --START--
INFO: Run Behavior\BuildLiteBehavior [ RunTime:0.000038s ]
INFO: [ app_init ] --END-- [ RunTime:0.001758s ]

[ 2017-10-17T18:08:26+08:00 ] ::1 /apartment/Public/Upload/images/20171015/59e2b6d213aa6.jpg
INFO: [ app_init ] --START--
INFO: Run Behavior\BuildLiteBehavior [ RunTime:0.000036s ]
INFO: [ app_init ] --END-- [ RunTime:0.001463s ]

[ 2017-10-17T18:08:26+08:00 ] ::1 /apartment/Public/Upload/images/20171015/59e2b63ca8207.jpg
INFO: [ app_init ] --START--
INFO: Run Behavior\BuildLiteBehavior [ RunTime:0.000038s ]
INFO: [ app_init ] --END-- [ RunTime:0.001484s ]

[ 2017-10-17T18:08:26+08:00 ] ::1 /apartment/Public/Upload/images/20171015/59e2b7884791b.jpg
INFO: [ app_init ] --START--
INFO: Run Behavior\BuildLiteBehavior [ RunTime:0.000033s ]
INFO: [ app_init ] --END-- [ RunTime:0.001082s ]

[ 2017-10-17T18:08:26+08:00 ] ::1 /apartment/Public/Upload/images/20171015/59e2b68b9cf75.jpg
INFO: [ app_init ] --START--
INFO: Run Behavior\BuildLiteBehavior [ RunTime:0.000039s ]
INFO: [ app_init ] --END-- [ RunTime:0.001495s ]

[ 2017-10-17T18:08:26+08:00 ] ::1 /apartment/Public/Upload/images/20171015/59e2b580eb284.jpg
INFO: [ app_init ] --START--
INFO: Run Behavior\BuildLiteBehavior [ RunTime:0.000035s ]
INFO: [ app_init ] --END-- [ RunTime:0.001259s ]

[ 2017-10-17T18:08:29+08:00 ] ::1 /apartment/Public/Upload/images/20171015/59e2b580eb284.jpg
INFO: [ app_init ] --START--
INFO: Run Behavior\BuildLiteBehavior [ RunTime:0.000038s ]
INFO: [ app_init ] --END-- [ RunTime:0.001318s ]

[ 2017-10-17T18:08:29+08:00 ] ::1 /apartment/Public/Upload/images/20171015/59e2bc3b215a1.jpg
INFO: [ app_init ] --START--
INFO: Run Behavior\BuildLiteBehavior [ RunTime:0.000036s ]
INFO: [ app_init ] --END-- [ RunTime:0.001080s ]

[ 2017-10-17T18:08:29+08:00 ] ::1 /apartment/Public/Upload/images/20171015/59e2bbf99ba11.jpg
INFO: [ app_init ] --START--
INFO: Run Behavior\BuildLiteBehavior [ RunTime:0.000080s ]
INFO: [ app_init ] --END-- [ RunTime:0.012687s ]

[ 2017-10-17T18:08:29+08:00 ] ::1 /apartment/Public/Upload/images/20171015/59e2b63ca8207.jpg
INFO: [ app_init ] --START--
INFO: Run Behavior\BuildLiteBehavior [ RunTime:0.000049s ]
INFO: [ app_init ] --END-- [ RunTime:0.001506s ]

[ 2017-10-17T18:08:29+08:00 ] ::1 /apartment/Public/Upload/images/20171016/59e47a5500d4b.jpg
INFO: [ app_init ] --START--
INFO: Run Behavior\BuildLiteBehavior [ RunTime:0.000103s ]
INFO: [ app_init ] --END-- [ RunTime:0.001940s ]

[ 2017-10-17T18:08:29+08:00 ] ::1 /apartment/Public/Upload/images/20171016/59e47a3e7a465.jpg
INFO: [ app_init ] --START--
INFO: Run Behavior\BuildLiteBehavior [ RunTime:0.000048s ]
INFO: [ app_init ] --END-- [ RunTime:0.002108s ]

[ 2017-10-17T18:08:29+08:00 ] ::1 /apartment/Public/Upload/images/20171016/59e47a86cbdef.jpg
INFO: [ app_init ] --START--
INFO: Run Behavior\BuildLiteBehavior [ RunTime:0.000046s ]
INFO: [ app_init ] --END-- [ RunTime:0.001996s ]

[ 2017-10-17T18:08:29+08:00 ] ::1 /apartment/Public/Upload/images/20171015/59e2b68b9cf75.jpg
INFO: [ app_init ] --START--
INFO: Run Behavior\BuildLiteBehavior [ RunTime:0.000061s ]
INFO: [ app_init ] --END-- [ RunTime:0.002591s ]

[ 2017-10-17T18:08:38+08:00 ] ::1 /apartment/
INFO: [ app_init ] --START--
INFO: Run Behavior\BuildLiteBehavior [ RunTime:0.000043s ]
INFO: [ app_init ] --END-- [ RunTime:0.001300s ]
INFO: [ app_begin ] --START--
INFO: Run Behavior\ReadHtmlCacheBehavior [ RunTime:0.001620s ]
INFO: [ app_begin ] --END-- [ RunTime:0.001793s ]
SQL: SHOW COLUMNS FROM `apart_article` [ RunTime:0.0185s ]
SQL: SELECT `articleId`,`aTitle`,`category` FROM `apart_article` WHERE `category` = 'tzgg' ORDER BY aTime desc LIMIT 7   [ RunTime:0.0172s ]
SQL: SELECT `articleId`,`aTitle`,`category` FROM `apart_article` WHERE `category` = 'fwzl' ORDER BY aTime desc LIMIT 7   [ RunTime:0.0169s ]
SQL: SELECT `articleId`,`aTitle`,`category` FROM `apart_article` WHERE `category` = 'gzzd' ORDER BY aTime desc LIMIT 7   [ RunTime:0.0174s ]
SQL: SELECT `articleId`,`aTitle`,`category` FROM `apart_article` WHERE ( category='sgdt' or category='xyxw' or category='xsgz' or category='xggy' ) ORDER BY aTime desc LIMIT 7   [ RunTime:0.0199s ]
SQL: SELECT `articleId`,`aTitle`,`category` FROM `apart_article` WHERE ( category='xfzs' or category='ydgl' or category='zagl' or category='crbzs' ) ORDER BY aTime desc LIMIT 7   [ RunTime:0.0179s ]
SQL: SELECT `articleId`,`aTitle`,`image`,`category` FROM `apart_article` WHERE ( image is not null AND isnav=1 AND image <> '' ) ORDER BY aTime desc LIMIT 7   [ RunTime:0.0183s ]
SQL: SELECT `articleId`,`aTitle`,`image`,`category` FROM `apart_article` WHERE ( image is not null AND (category='xszt' or category='byszt' or category='whyzt' or category='hbzt') ) ORDER BY aTime desc LIMIT 3   [ RunTime:0.0177s ]
SQL: SELECT `articleId`,`aTitle`,`image`,`category` FROM `apart_article` WHERE ( (image is not null) AND (category='whjs') ) ORDER BY aTime desc LIMIT 8   [ RunTime:0.0175s ]
INFO: [ view_parse ] --START--
INFO: [ template_filter ] --START--
INFO: Run Behavior\ContentReplaceBehavior [ RunTime:0.000376s ]
INFO: [ template_filter ] --END-- [ RunTime:0.000506s ]
INFO: Run Behavior\ParseTemplateBehavior [ RunTime:0.049523s ]
INFO: [ view_parse ] --END-- [ RunTime:0.049654s ]
INFO: [ view_filter ] --START--
INFO: Run Behavior\WriteHtmlCacheBehavior [ RunTime:0.001069s ]
INFO: [ view_filter ] --END-- [ RunTime:0.001159s ]
INFO: [ app_end ] --START--
INFO: Run Behavior\ShowPageTraceBehavior [ RunTime:0.001543s ]
INFO: [ app_end ] --END-- [ RunTime:0.001676s ]

[ 2017-10-17T18:08:38+08:00 ] ::1 /apartment/Public/Upload/images/20171015/59e2bc3b215a1.jpg
INFO: [ app_init ] --START--
INFO: Run Behavior\BuildLiteBehavior [ RunTime:0.000040s ]
INFO: [ app_init ] --END-- [ RunTime:0.001489s ]

[ 2017-10-17T18:08:38+08:00 ] ::1 /apartment/Public/Upload/images/20171015/59e2b7884791b.jpg
INFO: [ app_init ] --START--
INFO: Run Behavior\BuildLiteBehavior [ RunTime:0.000041s ]
INFO: [ app_init ] --END-- [ RunTime:0.001513s ]

[ 2017-10-17T18:08:38+08:00 ] ::1 /apartment/Public/Upload/images/20171015/59e2b68b9cf75.jpg
INFO: [ app_init ] --START--
INFO: Run Behavior\BuildLiteBehavior [ RunTime:0.000033s ]
INFO: [ app_init ] --END-- [ RunTime:0.000973s ]

[ 2017-10-17T18:08:38+08:00 ] ::1 /apartment/Public/Upload/images/20171015/59e2bbf99ba11.jpg
INFO: [ app_init ] --START--
INFO: Run Behavior\BuildLiteBehavior [ RunTime:0.000031s ]
INFO: [ app_init ] --END-- [ RunTime:0.001671s ]

[ 2017-10-17T18:08:38+08:00 ] ::1 /apartment/Public/Upload/images/20171015/59e2b6d213aa6.jpg
INFO: [ app_init ] --START--
INFO: Run Behavior\BuildLiteBehavior [ RunTime:0.000050s ]
INFO: [ app_init ] --END-- [ RunTime:0.001658s ]

[ 2017-10-17T18:08:38+08:00 ] ::1 /apartment/Public/Upload/images/20171015/59e2b580eb284.jpg
INFO: [ app_init ] --START--
INFO: Run Behavior\BuildLiteBehavior [ RunTime:0.000033s ]
INFO: [ app_init ] --END-- [ RunTime:0.001071s ]

[ 2017-10-17T18:08:38+08:00 ] ::1 /apartment/Public/Upload/images/20171015/59e2b63ca8207.jpg
INFO: [ app_init ] --START--
INFO: Run Behavior\BuildLiteBehavior [ RunTime:0.000038s ]
INFO: [ app_init ] --END-- [ RunTime:0.001332s ]

[ 2017-10-17T18:08:38+08:00 ] ::1 /apartment/Public/Upload/images/20171016/59e47a5500d4b.jpg
INFO: [ app_init ] --START--
INFO: Run Behavior\BuildLiteBehavior [ RunTime:0.000039s ]
INFO: [ app_init ] --END-- [ RunTime:0.001552s ]

[ 2017-10-17T18:08:38+08:00 ] ::1 /apartment/Public/Upload/images/20171016/59e47a86cbdef.jpg
INFO: [ app_init ] --START--
INFO: Run Behavior\BuildLiteBehavior [ RunTime:0.000310s ]
INFO: [ app_init ] --END-- [ RunTime:0.003337s ]

[ 2017-10-17T18:08:38+08:00 ] ::1 /apartment/Public/Upload/images/20171016/59e47a3e7a465.jpg
INFO: [ app_init ] --START--
INFO: Run Behavior\BuildLiteBehavior [ RunTime:0.000039s ]
INFO: [ app_init ] --END-- [ RunTime:0.014366s ]

[ 2017-10-17T18:10:33+08:00 ] ::1 /apartment/
INFO: [ app_init ] --START--
INFO: Run Behavior\BuildLiteBehavior [ RunTime:0.000040s ]
INFO: [ app_init ] --END-- [ RunTime:0.002049s ]
INFO: [ app_begin ] --START--
INFO: Run Behavior\ReadHtmlCacheBehavior [ RunTime:0.003211s ]
INFO: [ app_begin ] --END-- [ RunTime:0.003415s ]
SQL: SHOW COLUMNS FROM `apart_article` [ RunTime:0.0211s ]
SQL: SELECT `articleId`,`aTitle`,`category` FROM `apart_article` WHERE `category` = 'tzgg' ORDER BY aTime desc LIMIT 7   [ RunTime:0.0188s ]
SQL: SELECT `articleId`,`aTitle`,`category` FROM `apart_article` WHERE `category` = 'fwzl' ORDER BY aTime desc LIMIT 7   [ RunTime:0.0220s ]
SQL: SELECT `articleId`,`aTitle`,`category` FROM `apart_article` WHERE `category` = 'gzzd' ORDER BY aTime desc LIMIT 7   [ RunTime:0.0191s ]
SQL: SELECT `articleId`,`aTitle`,`category` FROM `apart_article` WHERE ( category='sgdt' or category='xyxw' or category='xsgz' or category='xggy' ) ORDER BY aTime desc LIMIT 7   [ RunTime:0.0200s ]
SQL: SELECT `articleId`,`aTitle`,`category` FROM `apart_article` WHERE ( category='xfzs' or category='ydgl' or category='zagl' or category='crbzs' ) ORDER BY aTime desc LIMIT 7   [ RunTime:0.0206s ]
SQL: SELECT `articleId`,`aTitle`,`image`,`category` FROM `apart_article` WHERE ( image is not null AND isnav=1 AND image <> '' ) ORDER BY aTime desc LIMIT 7   [ RunTime:0.0200s ]
SQL: SELECT `articleId`,`aTitle`,`image`,`category` FROM `apart_article` WHERE ( image is not null AND (category='xszt' or category='byszt' or category='whyzt' or category='hbzt') ) ORDER BY aTime desc LIMIT 3   [ RunTime:0.0197s ]
SQL: SELECT `articleId`,`aTitle`,`image`,`category` FROM `apart_article` WHERE ( (image is not null) AND (category='whjs') ) ORDER BY aTime desc LIMIT 8   [ RunTime:0.0194s ]
INFO: [ view_parse ] --START--
INFO: [ template_filter ] --START--
INFO: Run Behavior\ContentReplaceBehavior [ RunTime:0.000409s ]
INFO: [ template_filter ] --END-- [ RunTime:0.000550s ]
INFO: Run Behavior\ParseTemplateBehavior [ RunTime:0.063959s ]
INFO: [ view_parse ] --END-- [ RunTime:0.064154s ]
INFO: [ view_filter ] --START--
INFO: Run Behavior\WriteHtmlCacheBehavior [ RunTime:0.002046s ]
INFO: [ view_filter ] --END-- [ RunTime:0.002185s ]
INFO: [ app_end ] --START--
INFO: Run Behavior\ShowPageTraceBehavior [ RunTime:0.002621s ]
INFO: [ app_end ] --END-- [ RunTime:0.002776s ]

[ 2017-10-17T18:10:33+08:00 ] ::1 /apartment/Public/Upload/images/20171015/59e2bc3b215a1.jpg
INFO: [ app_init ] --START--
INFO: Run Behavior\BuildLiteBehavior [ RunTime:0.000038s ]
INFO: [ app_init ] --END-- [ RunTime:0.001438s ]

[ 2017-10-17T18:10:33+08:00 ] ::1 /apartment/Public/Upload/images/20171015/59e2b68b9cf75.jpg
INFO: [ app_init ] --START--
INFO: Run Behavior\BuildLiteBehavior [ RunTime:0.000051s ]
INFO: [ app_init ] --END-- [ RunTime:0.001896s ]

[ 2017-10-17T18:10:33+08:00 ] ::1 /apartment/Public/Upload/images/20171015/59e2bbf99ba11.jpg
INFO: [ app_init ] --START--
INFO: Run Behavior\BuildLiteBehavior [ RunTime:0.000039s ]
INFO: [ app_init ] --END-- [ RunTime:0.001388s ]

[ 2017-10-17T18:10:33+08:00 ] ::1 /apartment/Public/Upload/images/20171015/59e2b63ca8207.jpg
INFO: [ app_init ] --START--
INFO: Run Behavior\BuildLiteBehavior [ RunTime:0.000040s ]
INFO: [ app_init ] --END-- [ RunTime:0.001385s ]

[ 2017-10-17T18:10:33+08:00 ] ::1 /apartment/Public/Upload/images/20171015/59e2b7884791b.jpg
INFO: [ app_init ] --START--
INFO: Run Behavior\BuildLiteBehavior [ RunTime:0.000058s ]
INFO: [ app_init ] --END-- [ RunTime:0.017643s ]

[ 2017-10-17T18:10:33+08:00 ] ::1 /apartment/Public/Upload/images/20171015/59e2b580eb284.jpg
INFO: [ app_init ] --START--
INFO: Run Behavior\BuildLiteBehavior [ RunTime:0.000045s ]
INFO: [ app_init ] --END-- [ RunTime:0.001589s ]

[ 2017-10-17T18:10:33+08:00 ] ::1 /apartment/Public/Upload/images/20171015/59e2b6d213aa6.jpg
INFO: [ app_init ] --START--
INFO: Run Behavior\BuildLiteBehavior [ RunTime:0.000056s ]
INFO: [ app_init ] --END-- [ RunTime:0.002994s ]

[ 2017-10-17T18:10:34+08:00 ] ::1 /apartment/Public/Upload/images/20171016/59e47a5500d4b.jpg
INFO: [ app_init ] --START--
INFO: Run Behavior\BuildLiteBehavior [ RunTime:0.000037s ]
INFO: [ app_init ] --END-- [ RunTime:0.001107s ]

[ 2017-10-17T18:10:34+08:00 ] ::1 /apartment/Public/Upload/images/20171016/59e47a3e7a465.jpg
INFO: [ app_init ] --START--
INFO: Run Behavior\BuildLiteBehavior [ RunTime:0.000038s ]
INFO: [ app_init ] --END-- [ RunTime:0.001096s ]

[ 2017-10-17T18:10:34+08:00 ] ::1 /apartment/Public/Upload/images/20171015/59e2bc3b215a1.jpg
INFO: [ app_init ] --START--
INFO: Run Behavior\BuildLiteBehavior [ RunTime:0.000038s ]
INFO: [ app_init ] --END-- [ RunTime:0.001328s ]

[ 2017-10-17T18:10:34+08:00 ] ::1 /apartment/Public/Upload/images/20171016/59e47a86cbdef.jpg
INFO: [ app_init ] --START--
INFO: Run Behavior\BuildLiteBehavior [ RunTime:0.000038s ]
INFO: [ app_init ] --END-- [ RunTime:0.001388s ]

[ 2017-10-17T18:10:36+08:00 ] ::1 /apartment/Index/otherList1/category/tzgg.html
INFO: [ app_init ] --START--
INFO: Run Behavior\BuildLiteBehavior [ RunTime:0.000094s ]
INFO: [ app_init ] --END-- [ RunTime:0.002332s ]
INFO: [ app_begin ] --START--
INFO: Run Behavior\ReadHtmlCacheBehavior [ RunTime:0.001552s ]
INFO: [ app_begin ] --END-- [ RunTime:0.001706s ]
SQL: SHOW COLUMNS FROM `apart_article` [ RunTime:0.0199s ]
SQL: SELECT COUNT(*) AS tp_count FROM `apart_article` WHERE `category` = 'tzgg' LIMIT 1   [ RunTime:0.0183s ]
SQL: SELECT `articleId`,`aTitle`,`aTime`,`author`,`source` FROM `apart_article` WHERE `category` = 'tzgg' ORDER BY aTime desc LIMIT 0,20   [ RunTime:0.0196s ]
INFO: [ view_parse ] --START--
INFO: [ template_filter ] --START--
INFO: Run Behavior\ContentReplaceBehavior [ RunTime:0.000193s ]
INFO: [ template_filter ] --END-- [ RunTime:0.000316s ]
INFO: Run Behavior\ParseTemplateBehavior [ RunTime:0.065973s ]
INFO: [ view_parse ] --END-- [ RunTime:0.066118s ]
INFO: [ view_filter ] --START--
INFO: Run Behavior\WriteHtmlCacheBehavior [ RunTime:0.001101s ]
INFO: [ view_filter ] --END-- [ RunTime:0.001214s ]
INFO: [ app_end ] --START--
INFO: Run Behavior\ShowPageTraceBehavior [ RunTime:0.001106s ]
INFO: [ app_end ] --END-- [ RunTime:0.001203s ]

[ 2017-10-17T18:10:41+08:00 ] ::1 /apartment/Index/otherList1/category/tzgg.html
INFO: [ app_init ] --START--
INFO: Run Behavior\BuildLiteBehavior [ RunTime:0.000032s ]
INFO: [ app_init ] --END-- [ RunTime:0.001194s ]
INFO: [ app_begin ] --START--
INFO: Run Behavior\ReadHtmlCacheBehavior [ RunTime:0.001482s ]
INFO: [ app_begin ] --END-- [ RunTime:0.001635s ]
SQL: SHOW COLUMNS FROM `apart_article` [ RunTime:0.0201s ]
SQL: SELECT COUNT(*) AS tp_count FROM `apart_article` WHERE `category` = 'tzgg' LIMIT 1   [ RunTime:0.0181s ]
SQL: SELECT `articleId`,`aTitle`,`aTime`,`author`,`source` FROM `apart_article` WHERE `category` = 'tzgg' ORDER BY aTime desc LIMIT 0,20   [ RunTime:0.0195s ]
INFO: [ view_parse ] --START--
INFO: [ template_filter ] --START--
INFO: Run Behavior\ContentReplaceBehavior [ RunTime:0.000189s ]
INFO: [ template_filter ] --END-- [ RunTime:0.000308s ]
INFO: Run Behavior\ParseTemplateBehavior [ RunTime:0.026582s ]
INFO: [ view_parse ] --END-- [ RunTime:0.026725s ]
INFO: [ view_filter ] --START--
INFO: Run Behavior\WriteHtmlCacheBehavior [ RunTime:0.001099s ]
INFO: [ view_filter ] --END-- [ RunTime:0.001227s ]
INFO: [ app_end ] --START--
INFO: Run Behavior\ShowPageTraceBehavior [ RunTime:0.001559s ]
INFO: [ app_end ] --END-- [ RunTime:0.001692s ]

[ 2017-10-17T18:10:51+08:00 ] ::1 /apartment/
INFO: [ app_init ] --START--
INFO: Run Behavior\BuildLiteBehavior [ RunTime:0.000030s ]
INFO: [ app_init ] --END-- [ RunTime:0.000876s ]
INFO: [ app_begin ] --START--
INFO: Run Behavior\ReadHtmlCacheBehavior [ RunTime:0.002555s ]
INFO: [ app_begin ] --END-- [ RunTime:0.002725s ]
SQL: SHOW COLUMNS FROM `apart_article` [ RunTime:0.0193s ]
SQL: SELECT `articleId`,`aTitle`,`category` FROM `apart_article` WHERE `category` = 'tzgg' ORDER BY aTime desc LIMIT 7   [ RunTime:0.0185s ]
SQL: SELECT `articleId`,`aTitle`,`category` FROM `apart_article` WHERE `category` = 'fwzl' ORDER BY aTime desc LIMIT 7   [ RunTime:0.0233s ]
SQL: SELECT `articleId`,`aTitle`,`category` FROM `apart_article` WHERE `category` = 'gzzd' ORDER BY aTime desc LIMIT 7   [ RunTime:0.0184s ]
SQL: SELECT `articleId`,`aTitle`,`category` FROM `apart_article` WHERE ( category='sgdt' or category='xyxw' or category='xsgz' or category='xggy' ) ORDER BY aTime desc LIMIT 7   [ RunTime:0.0190s ]
SQL: SELECT `articleId`,`aTitle`,`category` FROM `apart_article` WHERE ( category='xfzs' or category='ydgl' or category='zagl' or category='crbzs' ) ORDER BY aTime desc LIMIT 7   [ RunTime:0.0202s ]
SQL: SELECT `articleId`,`aTitle`,`image`,`category` FROM `apart_article` WHERE ( image is not null AND isnav=1 AND image <> '' ) ORDER BY aTime desc LIMIT 7   [ RunTime:0.0909s ]
SQL: SELECT `articleId`,`aTitle`,`image`,`category` FROM `apart_article` WHERE ( image is not null AND (category='xszt' or category='byszt' or category='whyzt' or category='hbzt') ) ORDER BY aTime desc LIMIT 3   [ RunTime:0.0877s ]
SQL: SELECT `articleId`,`aTitle`,`image`,`category` FROM `apart_article` WHERE ( (image is not null) AND (category='whjs') ) ORDER BY aTime desc LIMIT 8   [ RunTime:0.0874s ]
INFO: [ view_parse ] --START--
INFO: [ template_filter ] --START--
INFO: Run Behavior\ContentReplaceBehavior [ RunTime:0.000422s ]
INFO: [ template_filter ] --END-- [ RunTime:0.000568s ]
INFO: Run Behavior\ParseTemplateBehavior [ RunTime:0.067641s ]
INFO: [ view_parse ] --END-- [ RunTime:0.067835s ]
INFO: [ view_filter ] --START--
INFO: Run Behavior\WriteHtmlCacheBehavior [ RunTime:0.001634s ]
INFO: [ view_filter ] --END-- [ RunTime:0.001734s ]
INFO: [ app_end ] --START--
INFO: Run Behavior\ShowPageTraceBehavior [ RunTime:0.002381s ]
INFO: [ app_end ] --END-- [ RunTime:0.002535s ]

[ 2017-10-17T18:10:51+08:00 ] ::1 /apartment/Public/Upload/images/20171015/59e2bc3b215a1.jpg
INFO: [ app_init ] --START--
INFO: Run Behavior\BuildLiteBehavior [ RunTime:0.000046s ]
INFO: [ app_init ] --END-- [ RunTime:0.001663s ]

[ 2017-10-17T18:10:51+08:00 ] ::1 /apartment/Public/Upload/images/20171015/59e2b6d213aa6.jpg
INFO: [ app_init ] --START--
INFO: Run Behavior\BuildLiteBehavior [ RunTime:0.000032s ]
INFO: [ app_init ] --END-- [ RunTime:0.000937s ]

[ 2017-10-17T18:10:51+08:00 ] ::1 /apartment/Public/Upload/images/20171015/59e2b63ca8207.jpg
INFO: [ app_init ] --START--
INFO: Run Behavior\BuildLiteBehavior [ RunTime:0.000036s ]
INFO: [ app_init ] --END-- [ RunTime:0.001412s ]

[ 2017-10-17T18:10:51+08:00 ] ::1 /apartment/Public/Upload/images/20171015/59e2b7884791b.jpg
INFO: [ app_init ] --START--
INFO: Run Behavior\BuildLiteBehavior [ RunTime:0.000038s ]
INFO: [ app_init ] --END-- [ RunTime:0.003325s ]

[ 2017-10-17T18:10:51+08:00 ] ::1 /apartment/Public/Upload/images/20171015/59e2b68b9cf75.jpg
INFO: [ app_init ] --START--
INFO: Run Behavior\BuildLiteBehavior [ RunTime:0.000039s ]
INFO: [ app_init ] --END-- [ RunTime:0.001315s ]

[ 2017-10-17T18:10:52+08:00 ] ::1 /apartment/Public/Upload/images/20171015/59e2bbf99ba11.jpg
INFO: [ app_init ] --START--
INFO: Run Behavior\BuildLiteBehavior [ RunTime:0.000090s ]
INFO: [ app_init ] --END-- [ RunTime:0.002733s ]

[ 2017-10-17T18:10:52+08:00 ] ::1 /apartment/Public/Upload/images/20171015/59e2b580eb284.jpg
INFO: [ app_init ] --START--
INFO: Run Behavior\BuildLiteBehavior [ RunTime:0.000048s ]
INFO: [ app_init ] --END-- [ RunTime:0.038819s ]

[ 2017-10-17T18:10:52+08:00 ] ::1 /apartment/Public/Upload/images/20171016/59e47a5500d4b.jpg
INFO: [ app_init ] --START--
INFO: Run Behavior\BuildLiteBehavior [ RunTime:0.000040s ]
INFO: [ app_init ] --END-- [ RunTime:0.001956s ]

[ 2017-10-17T18:10:52+08:00 ] ::1 /apartment/Public/Upload/images/20171016/59e47a3e7a465.jpg
INFO: [ app_init ] --START--
INFO: Run Behavior\BuildLiteBehavior [ RunTime:0.000038s ]
INFO: [ app_init ] --END-- [ RunTime:0.001592s ]

[ 2017-10-17T18:10:52+08:00 ] ::1 /apartment/Public/Upload/images/20171016/59e47a86cbdef.jpg
INFO: [ app_init ] --START--
INFO: Run Behavior\BuildLiteBehavior [ RunTime:0.000044s ]
INFO: [ app_init ] --END-- [ RunTime:0.001430s ]

[ 2017-10-17T18:10:57+08:00 ] ::1 /apartment/Index/details/article/1.html
INFO: [ app_init ] --START--
INFO: Run Behavior\BuildLiteBehavior [ RunTime:0.000067s ]
INFO: [ app_init ] --END-- [ RunTime:0.002034s ]
INFO: [ app_begin ] --START--
INFO: Run Behavior\ReadHtmlCacheBehavior [ RunTime:0.003051s ]
INFO: [ app_begin ] --END-- [ RunTime:0.003251s ]
SQL: SHOW COLUMNS FROM `apart_article` [ RunTime:0.0202s ]
SQL: UPDATE `apart_article` SET `hits`=hits+1 WHERE `articleId` = 1 [ RunTime:0.0184s ]
SQL: SELECT * FROM `apart_article` WHERE `articleId` = 1 LIMIT 1   [ RunTime:0.0404s ]
INFO: [ view_parse ] --START--
INFO: [ template_filter ] --START--
INFO: Run Behavior\ContentReplaceBehavior [ RunTime:0.000358s ]
INFO: [ template_filter ] --END-- [ RunTime:0.000586s ]
INFO: Run Behavior\ParseTemplateBehavior [ RunTime:0.053881s ]
INFO: [ view_parse ] --END-- [ RunTime:0.054103s ]
INFO: [ view_filter ] --START--
INFO: Run Behavior\WriteHtmlCacheBehavior [ RunTime:0.003356s ]
INFO: [ view_filter ] --END-- [ RunTime:0.003559s ]
INFO: [ app_end ] --START--
INFO: Run Behavior\ShowPageTraceBehavior [ RunTime:0.004132s ]
INFO: [ app_end ] --END-- [ RunTime:0.004354s ]

[ 2017-10-17T18:12:00+08:00 ] ::1 /apartment/Index/details/article/1.html
INFO: [ app_init ] --START--
INFO: Run Behavior\BuildLiteBehavior [ RunTime:0.000037s ]
INFO: [ app_init ] --END-- [ RunTime:0.001765s ]
INFO: [ app_begin ] --START--
INFO: Run Behavior\ReadHtmlCacheBehavior [ RunTime:0.002157s ]
INFO: [ app_begin ] --END-- [ RunTime:0.002330s ]
SQL: SHOW COLUMNS FROM `apart_article` [ RunTime:0.0193s ]
SQL: SELECT * FROM `apart_article` WHERE `articleId` = 1 LIMIT 1   [ RunTime:0.0408s ]
INFO: [ view_parse ] --START--
INFO: [ template_filter ] --START--
INFO: Run Behavior\ContentReplaceBehavior [ RunTime:0.000276s ]
INFO: [ template_filter ] --END-- [ RunTime:0.000470s ]
INFO: Run Behavior\ParseTemplateBehavior [ RunTime:0.037895s ]
INFO: [ view_parse ] --END-- [ RunTime:0.038104s ]
INFO: [ view_filter ] --START--
INFO: Run Behavior\WriteHtmlCacheBehavior [ RunTime:0.001445s ]
INFO: [ view_filter ] --END-- [ RunTime:0.001602s ]
INFO: [ app_end ] --START--
INFO: Run Behavior\ShowPageTraceBehavior [ RunTime:0.002409s ]
INFO: [ app_end ] --END-- [ RunTime:0.002625s ]

[ 2017-10-17T18:12:49+08:00 ] ::1 /apartment/
INFO: [ app_init ] --START--
INFO: Run Behavior\BuildLiteBehavior [ RunTime:0.000054s ]
INFO: [ app_init ] --END-- [ RunTime:0.002151s ]
INFO: [ app_begin ] --START--
INFO: Run Behavior\ReadHtmlCacheBehavior [ RunTime:0.002132s ]
INFO: [ app_begin ] --END-- [ RunTime:0.002308s ]
SQL: SHOW COLUMNS FROM `apart_article` [ RunTime:0.0192s ]
SQL: SELECT `articleId`,`aTitle`,`category` FROM `apart_article` WHERE `category` = 'tzgg' ORDER BY aTime desc LIMIT 7   [ RunTime:0.0188s ]
SQL: SELECT `articleId`,`aTitle`,`category` FROM `apart_article` WHERE `category` = 'fwzl' ORDER BY aTime desc LIMIT 7   [ RunTime:0.0182s ]
SQL: SELECT `articleId`,`aTitle`,`category` FROM `apart_article` WHERE `category` = 'gzzd' ORDER BY aTime desc LIMIT 7   [ RunTime:0.0183s ]
SQL: SELECT `articleId`,`aTitle`,`category` FROM `apart_article` WHERE ( category='sgdt' or category='xyxw' or category='xsgz' or category='xggy' ) ORDER BY aTime desc LIMIT 7   [ RunTime:0.0191s ]
SQL: SELECT `articleId`,`aTitle`,`category` FROM `apart_article` WHERE ( category='xfzs' or category='ydgl' or category='zagl' or category='crbzs' ) ORDER BY aTime desc LIMIT 7   [ RunTime:0.0187s ]
SQL: SELECT `articleId`,`aTitle`,`image`,`category` FROM `apart_article` WHERE ( image is not null AND isnav=1 AND image <> '' ) ORDER BY aTime desc LIMIT 7   [ RunTime:0.0197s ]
SQL: SELECT `articleId`,`aTitle`,`image`,`category` FROM `apart_article` WHERE ( image is not null AND (category='xszt' or category='byszt' or category='whyzt' or category='hbzt') ) ORDER BY aTime desc LIMIT 3   [ RunTime:0.0189s ]
SQL: SELECT `articleId`,`aTitle`,`image`,`category` FROM `apart_article` WHERE ( (image is not null) AND (category='whjs') ) ORDER BY aTime desc LIMIT 8   [ RunTime:0.0189s ]
INFO: [ view_parse ] --START--
INFO: [ template_filter ] --START--
INFO: Run Behavior\ContentReplaceBehavior [ RunTime:0.000675s ]
INFO: [ template_filter ] --END-- [ RunTime:0.000885s ]
INFO: Run Behavior\ParseTemplateBehavior [ RunTime:0.086963s ]
INFO: [ view_parse ] --END-- [ RunTime:0.087174s ]
INFO: [ view_filter ] --START--
INFO: Run Behavior\WriteHtmlCacheBehavior [ RunTime:0.001532s ]
INFO: [ view_filter ] --END-- [ RunTime:0.001695s ]
INFO: [ app_end ] --START--
INFO: Run Behavior\ShowPageTraceBehavior [ RunTime:0.002395s ]
INFO: [ app_end ] --END-- [ RunTime:0.002607s ]

[ 2017-10-17T18:12:49+08:00 ] ::1 /apartment/Public/Upload/images/20171015/59e2bc3b215a1.jpg
INFO: [ app_init ] --START--
INFO: Run Behavior\BuildLiteBehavior [ RunTime:0.000048s ]
INFO: [ app_init ] --END-- [ RunTime:0.002442s ]

[ 2017-10-17T18:12:49+08:00 ] ::1 /apartment/Public/Upload/images/20171015/59e2b580eb284.jpg
INFO: [ app_init ] --START--
INFO: Run Behavior\BuildLiteBehavior [ RunTime:0.000048s ]
INFO: [ app_init ] --END-- [ RunTime:0.002308s ]

[ 2017-10-17T18:12:49+08:00 ] ::1 /apartment/Public/Upload/images/20171015/59e2b6d213aa6.jpg
INFO: [ app_init ] --START--
INFO: Run Behavior\BuildLiteBehavior [ RunTime:0.000046s ]
INFO: [ app_init ] --END-- [ RunTime:0.018899s ]

[ 2017-10-17T18:12:49+08:00 ] ::1 /apartment/Public/Upload/images/20171015/59e2bbf99ba11.jpg
INFO: [ app_init ] --START--
INFO: Run Behavior\BuildLiteBehavior [ RunTime:0.000039s ]
INFO: [ app_init ] --END-- [ RunTime:0.001608s ]

[ 2017-10-17T18:12:49+08:00 ] ::1 /apartment/Public/Upload/images/20171015/59e2b68b9cf75.jpg
INFO: [ app_init ] --START--
INFO: Run Behavior\BuildLiteBehavior [ RunTime:0.000037s ]
INFO: [ app_init ] --END-- [ RunTime:0.001372s ]

[ 2017-10-17T18:12:49+08:00 ] ::1 /apartment/Public/Upload/images/20171015/59e2b7884791b.jpg
INFO: [ app_init ] --START--
INFO: Run Behavior\BuildLiteBehavior [ RunTime:0.000047s ]
INFO: [ app_init ] --END-- [ RunTime:0.002370s ]

[ 2017-10-17T18:12:49+08:00 ] ::1 /apartment/Public/Upload/images/20171015/59e2b63ca8207.jpg
INFO: [ app_init ] --START--
INFO: Run Behavior\BuildLiteBehavior [ RunTime:0.000038s ]
INFO: [ app_init ] --END-- [ RunTime:0.001698s ]

[ 2017-10-17T18:12:50+08:00 ] ::1 /apartment/Public/Upload/images/20171016/59e47a86cbdef.jpg
INFO: [ app_init ] --START--
INFO: Run Behavior\BuildLiteBehavior [ RunTime:0.000035s ]
INFO: [ app_init ] --END-- [ RunTime:0.001076s ]

[ 2017-10-17T18:12:50+08:00 ] ::1 /apartment/Public/Upload/images/20171016/59e47a5500d4b.jpg
INFO: [ app_init ] --START--
INFO: Run Behavior\BuildLiteBehavior [ RunTime:0.000050s ]
INFO: [ app_init ] --END-- [ RunTime:0.001634s ]

[ 2017-10-17T18:12:50+08:00 ] ::1 /apartment/Public/Upload/images/20171016/59e47a3e7a465.jpg
INFO: [ app_init ] --START--
INFO: Run Behavior\BuildLiteBehavior [ RunTime:0.000036s ]
INFO: [ app_init ] --END-- [ RunTime:0.002447s ]

[ 2017-10-17T18:23:57+08:00 ] ::1 /apartment/
INFO: [ app_init ] --START--
INFO: Run Behavior\BuildLiteBehavior [ RunTime:0.000041s ]
INFO: [ app_init ] --END-- [ RunTime:0.002461s ]
INFO: [ app_begin ] --START--
INFO: Run Behavior\ReadHtmlCacheBehavior [ RunTime:0.004193s ]
INFO: [ app_begin ] --END-- [ RunTime:0.004577s ]
SQL: SHOW COLUMNS FROM `apart_article` [ RunTime:0.0194s ]
SQL: SELECT `articleId`,`aTitle`,`category` FROM `apart_article` WHERE `category` = 'tzgg' ORDER BY aTime desc LIMIT 7   [ RunTime:0.0185s ]
SQL: SELECT `articleId`,`aTitle`,`category` FROM `apart_article` WHERE `category` = 'fwzl' ORDER BY aTime desc LIMIT 7   [ RunTime:0.0188s ]
SQL: SELECT `articleId`,`aTitle`,`category` FROM `apart_article` WHERE `category` = 'gzzd' ORDER BY aTime desc LIMIT 7   [ RunTime:0.0185s ]
SQL: SELECT `articleId`,`aTitle`,`category` FROM `apart_article` WHERE ( category='sgdt' or category='xyxw' or category='xsgz' or category='xggy' ) ORDER BY aTime desc LIMIT 7   [ RunTime:0.0188s ]
SQL: SELECT `articleId`,`aTitle`,`category` FROM `apart_article` WHERE ( category='xfzs' or category='ydgl' or category='zagl' or category='crbzs' ) ORDER BY aTime desc LIMIT 7   [ RunTime:0.0210s ]
SQL: SELECT `articleId`,`aTitle`,`image`,`category` FROM `apart_article` WHERE ( image is not null AND isnav=1 AND image <> '' ) ORDER BY aTime desc LIMIT 7   [ RunTime:0.0191s ]
SQL: SELECT `articleId`,`aTitle`,`image`,`category` FROM `apart_article` WHERE ( image is not null AND (category='xszt' or category='byszt' or category='whyzt' or category='hbzt') ) ORDER BY aTime desc LIMIT 3   [ RunTime:0.0189s ]
SQL: SELECT `articleId`,`aTitle`,`image`,`category` FROM `apart_article` WHERE ( (image is not null) AND (category='whjs') ) ORDER BY aTime desc LIMIT 8   [ RunTime:0.0189s ]
INFO: [ view_parse ] --START--
INFO: [ template_filter ] --START--
INFO: Run Behavior\ContentReplaceBehavior [ RunTime:0.000444s ]
INFO: [ template_filter ] --END-- [ RunTime:0.000587s ]
INFO: Run Behavior\ParseTemplateBehavior [ RunTime:0.059577s ]
INFO: [ view_parse ] --END-- [ RunTime:0.059797s ]
INFO: [ view_filter ] --START--
INFO: Run Behavior\WriteHtmlCacheBehavior [ RunTime:0.002500s ]
INFO: [ view_filter ] --END-- [ RunTime:0.002659s ]
INFO: [ app_end ] --START--
INFO: Run Behavior\ShowPageTraceBehavior [ RunTime:0.004015s ]
INFO: [ app_end ] --END-- [ RunTime:0.004188s ]

[ 2017-10-17T18:23:57+08:00 ] ::1 /apartment/Public/Upload/images/20171015/59e2bc3b215a1.jpg
INFO: [ app_init ] --START--
INFO: Run Behavior\BuildLiteBehavior [ RunTime:0.000039s ]
INFO: [ app_init ] --END-- [ RunTime:0.001294s ]

[ 2017-10-17T18:23:57+08:00 ] ::1 /apartment/Public/Upload/images/20171015/59e2b6d213aa6.jpg
INFO: [ app_init ] --START--
INFO: Run Behavior\BuildLiteBehavior [ RunTime:0.000033s ]
INFO: [ app_init ] --END-- [ RunTime:0.001244s ]

[ 2017-10-17T18:23:57+08:00 ] ::1 /apartment/Public/Upload/images/20171015/59e2bbf99ba11.jpg
INFO: [ app_init ] --START--
INFO: Run Behavior\BuildLiteBehavior [ RunTime:0.000032s ]
INFO: [ app_init ] --END-- [ RunTime:0.001182s ]

[ 2017-10-17T18:23:57+08:00 ] ::1 /apartment/Public/Upload/images/20171015/59e2b63ca8207.jpg
INFO: [ app_init ] --START--
INFO: Run Behavior\BuildLiteBehavior [ RunTime:0.000041s ]
INFO: [ app_init ] --END-- [ RunTime:0.002128s ]

[ 2017-10-17T18:23:57+08:00 ] ::1 /apartment/Public/Upload/images/20171015/59e2b7884791b.jpg
INFO: [ app_init ] --START--
INFO: Run Behavior\BuildLiteBehavior [ RunTime:0.000069s ]
INFO: [ app_init ] --END-- [ RunTime:0.002244s ]

[ 2017-10-17T18:23:57+08:00 ] ::1 /apartment/Public/Upload/images/20171015/59e2b580eb284.jpg
INFO: [ app_init ] --START--
INFO: Run Behavior\BuildLiteBehavior [ RunTime:0.000043s ]
INFO: [ app_init ] --END-- [ RunTime:0.001280s ]

[ 2017-10-17T18:23:57+08:00 ] ::1 /apartment/Public/Upload/images/20171015/59e2b68b9cf75.jpg
INFO: [ app_init ] --START--
INFO: Run Behavior\BuildLiteBehavior [ RunTime:0.000047s ]
INFO: [ app_init ] --END-- [ RunTime:0.002217s ]

[ 2017-10-17T18:23:57+08:00 ] ::1 /apartment/Public/Upload/images/20171016/59e47a3e7a465.jpg
INFO: [ app_init ] --START--
INFO: Run Behavior\BuildLiteBehavior [ RunTime:0.000050s ]
INFO: [ app_init ] --END-- [ RunTime:0.001833s ]

[ 2017-10-17T18:23:57+08:00 ] ::1 /apartment/Public/Upload/images/20171016/59e47a86cbdef.jpg
INFO: [ app_init ] --START--
INFO: Run Behavior\BuildLiteBehavior [ RunTime:0.000050s ]
INFO: [ app_init ] --END-- [ RunTime:0.002055s ]

[ 2017-10-17T18:23:58+08:00 ] ::1 /apartment/Public/Upload/images/20171016/59e47a5500d4b.jpg
INFO: [ app_init ] --START--
INFO: Run Behavior\BuildLiteBehavior [ RunTime:0.000046s ]
INFO: [ app_init ] --END-- [ RunTime:0.001817s ]

[ 2017-10-17T18:24:13+08:00 ] ::1 /apartment/Index/otherList1/category/whjs.html
INFO: [ app_init ] --START--
INFO: Run Behavior\BuildLiteBehavior [ RunTime:0.000037s ]
INFO: [ app_init ] --END-- [ RunTime:0.001441s ]
INFO: [ app_begin ] --START--
INFO: Run Behavior\ReadHtmlCacheBehavior [ RunTime:0.001828s ]
INFO: [ app_begin ] --END-- [ RunTime:0.001989s ]
SQL: SHOW COLUMNS FROM `apart_article` [ RunTime:0.0201s ]
SQL: SELECT COUNT(*) AS tp_count FROM `apart_article` WHERE `category` = 'whjs' LIMIT 1   [ RunTime:0.0193s ]
SQL: SELECT `articleId`,`aTitle`,`aTime`,`author`,`source` FROM `apart_article` WHERE `category` = 'whjs' ORDER BY aTime desc LIMIT 0,20   [ RunTime:0.0190s ]
INFO: [ view_parse ] --START--
INFO: [ template_filter ] --START--
INFO: Run Behavior\ContentReplaceBehavior [ RunTime:0.000195s ]
INFO: [ template_filter ] --END-- [ RunTime:0.000315s ]
INFO: Run Behavior\ParseTemplateBehavior [ RunTime:0.031689s ]
INFO: [ view_parse ] --END-- [ RunTime:0.031850s ]
INFO: [ view_filter ] --START--
INFO: Run Behavior\WriteHtmlCacheBehavior [ RunTime:0.001370s ]
INFO: [ view_filter ] --END-- [ RunTime:0.001507s ]
INFO: [ app_end ] --START--
INFO: Run Behavior\ShowPageTraceBehavior [ RunTime:0.001670s ]
INFO: [ app_end ] --END-- [ RunTime:0.001806s ]

[ 2017-10-17T18:44:48+08:00 ] ::1 /apartment/
INFO: [ app_init ] --START--
INFO: Run Behavior\BuildLiteBehavior [ RunTime:0.000045s ]
INFO: [ app_init ] --END-- [ RunTime:0.001586s ]
INFO: [ app_begin ] --START--
INFO: Run Behavior\ReadHtmlCacheBehavior [ RunTime:0.002079s ]
INFO: [ app_begin ] --END-- [ RunTime:0.002219s ]
SQL: SHOW COLUMNS FROM `apart_article` [ RunTime:0.0288s ]
SQL: SELECT `articleId`,`aTitle`,`category` FROM `apart_article` WHERE `category` = 'tzgg' ORDER BY aTime desc LIMIT 7   [ RunTime:0.0231s ]
SQL: SELECT `articleId`,`aTitle`,`category` FROM `apart_article` WHERE `category` = 'fwzl' ORDER BY aTime desc LIMIT 7   [ RunTime:0.0178s ]
SQL: SELECT `articleId`,`aTitle`,`category` FROM `apart_article` WHERE `category` = 'gzzd' ORDER BY aTime desc LIMIT 7   [ RunTime:0.0210s ]
SQL: SELECT `articleId`,`aTitle`,`category` FROM `apart_article` WHERE ( category='sgdt' or category='xyxw' or category='xsgz' or category='xggy' ) ORDER BY aTime desc LIMIT 7   [ RunTime:0.0214s ]
SQL: SELECT `articleId`,`aTitle`,`category` FROM `apart_article` WHERE ( category='xfzs' or category='ydgl' or category='zagl' or category='crbzs' ) ORDER BY aTime desc LIMIT 7   [ RunTime:0.0264s ]
SQL: SELECT `articleId`,`aTitle`,`image`,`category` FROM `apart_article` WHERE ( image is not null AND isnav=1 AND image <> '' ) ORDER BY aTime desc LIMIT 7   [ RunTime:0.0356s ]
SQL: SELECT `articleId`,`aTitle`,`image`,`category` FROM `apart_article` WHERE ( image is not null AND (category='xszt' or category='byszt' or category='whyzt' or category='hbzt') ) ORDER BY aTime desc LIMIT 3   [ RunTime:0.0283s ]
SQL: SELECT `articleId`,`aTitle`,`image`,`category` FROM `apart_article` WHERE ( (image is not null) AND (category='whjs') ) ORDER BY aTime desc LIMIT 8   [ RunTime:0.0272s ]
INFO: [ view_parse ] --START--
INFO: [ template_filter ] --START--
INFO: Run Behavior\ContentReplaceBehavior [ RunTime:0.000417s ]
INFO: [ template_filter ] --END-- [ RunTime:0.000562s ]
INFO: Run Behavior\ParseTemplateBehavior [ RunTime:0.072814s ]
INFO: [ view_parse ] --END-- [ RunTime:0.072994s ]
INFO: [ view_filter ] --START--
INFO: Run Behavior\WriteHtmlCacheBehavior [ RunTime:0.001569s ]
INFO: [ view_filter ] --END-- [ RunTime:0.001663s ]
INFO: [ app_end ] --START--
INFO: Run Behavior\ShowPageTraceBehavior [ RunTime:0.002630s ]
INFO: [ app_end ] --END-- [ RunTime:0.002762s ]

[ 2017-10-17T18:44:48+08:00 ] ::1 /apartment/Public/Upload/images/20171015/59e2bc3b215a1.jpg
INFO: [ app_init ] --START--
INFO: Run Behavior\BuildLiteBehavior [ RunTime:0.000040s ]
INFO: [ app_init ] --END-- [ RunTime:0.001315s ]

[ 2017-10-17T18:44:48+08:00 ] ::1 /apartment/Public/Upload/images/20171015/59e2b580eb284.jpg
INFO: [ app_init ] --START--
INFO: Run Behavior\BuildLiteBehavior [ RunTime:0.000036s ]
INFO: [ app_init ] --END-- [ RunTime:0.001168s ]

[ 2017-10-17T18:44:49+08:00 ] ::1 /apartment/Public/Upload/images/20171015/59e2b7884791b.jpg
INFO: [ app_init ] --START--
INFO: Run Behavior\BuildLiteBehavior [ RunTime:0.000047s ]
INFO: [ app_init ] --END-- [ RunTime:0.001810s ]

[ 2017-10-17T18:44:49+08:00 ] ::1 /apartment/Public/Upload/images/20171015/59e2bbf99ba11.jpg
INFO: [ app_init ] --START--
INFO: Run Behavior\BuildLiteBehavior [ RunTime:0.000038s ]
INFO: [ app_init ] --END-- [ RunTime:0.002037s ]

[ 2017-10-17T18:44:49+08:00 ] ::1 /apartment/Public/Upload/images/20171015/59e2b63ca8207.jpg
INFO: [ app_init ] --START--
INFO: Run Behavior\BuildLiteBehavior [ RunTime:0.000032s ]
INFO: [ app_init ] --END-- [ RunTime:0.001246s ]

[ 2017-10-17T18:44:49+08:00 ] ::1 /apartment/Public/Upload/images/20171015/59e2b6d213aa6.jpg
INFO: [ app_init ] --START--
INFO: Run Behavior\BuildLiteBehavior [ RunTime:0.000033s ]
INFO: [ app_init ] --END-- [ RunTime:0.001606s ]

[ 2017-10-17T18:44:49+08:00 ] ::1 /apartment/Public/Upload/images/20171015/59e2b68b9cf75.jpg
INFO: [ app_init ] --START--
INFO: Run Behavior\BuildLiteBehavior [ RunTime:0.000031s ]
INFO: [ app_init ] --END-- [ RunTime:0.001278s ]

[ 2017-10-17T18:44:49+08:00 ] ::1 /apartment/Public/Upload/images/20171016/59e47a3e7a465.jpg
INFO: [ app_init ] --START--
INFO: Run Behavior\BuildLiteBehavior [ RunTime:0.000032s ]
INFO: [ app_init ] --END-- [ RunTime:0.001039s ]

[ 2017-10-17T18:44:49+08:00 ] ::1 /apartment/Public/Upload/images/20171016/59e47a5500d4b.jpg
INFO: [ app_init ] --START--
INFO: Run Behavior\BuildLiteBehavior [ RunTime:0.000036s ]
INFO: [ app_init ] --END-- [ RunTime:0.001310s ]

[ 2017-10-17T18:44:49+08:00 ] ::1 /apartment/Public/Upload/images/20171016/59e47a86cbdef.jpg
INFO: [ app_init ] --START--
INFO: Run Behavior\BuildLiteBehavior [ RunTime:0.000040s ]
INFO: [ app_init ] --END-- [ RunTime:0.001379s ]

[ 2017-10-17T18:44:49+08:00 ] ::1 /apartment/Public/Upload/images/20171015/59e2bc3b215a1.jpg
INFO: [ app_init ] --START--
INFO: Run Behavior\BuildLiteBehavior [ RunTime:0.000044s ]
INFO: [ app_init ] --END-- [ RunTime:0.002134s ]

