[ 2017-10-28T23:01:38+08:00 ] ::1 /apartment/
INFO: [ app_init ] --START--
INFO: Run Behavior\BuildLiteBehavior [ RunTime:0.000037s ]
INFO: [ app_init ] --END-- [ RunTime:0.002428s ]
INFO: [ app_begin ] --START--
INFO: Run Behavior\ReadHtmlCacheBehavior [ RunTime:0.010223s ]
INFO: [ app_begin ] --END-- [ RunTime:0.010420s ]
SQL: SHOW COLUMNS FROM `apart_article` [ RunTime:0.0177s ]
SQL: SELECT `articleId`,`aTitle`,`category` FROM `apart_article` WHERE `category` = 'tzgg' ORDER BY aTime desc LIMIT 7   [ RunTime:0.0168s ]
SQL: SELECT `articleId`,`aTitle`,`category` FROM `apart_article` WHERE `category` = 'fwzl' ORDER BY aTime desc LIMIT 7   [ RunTime:0.0177s ]
SQL: SELECT `articleId`,`aTitle`,`category` FROM `apart_article` WHERE `category` = 'gzzd' ORDER BY aTime desc LIMIT 7   [ RunTime:0.0172s ]
SQL: SELECT `articleId`,`aTitle`,`category` FROM `apart_article` WHERE ( category='sgdt' or category='xyxw' or category='xsgz' or category='xggy' ) ORDER BY aTime desc LIMIT 7   [ RunTime:0.0194s ]
SQL: SELECT `articleId`,`aTitle`,`category` FROM `apart_article` WHERE ( category='xfzs' or category='ydgl' or category='zagl' or category='crbzs' ) ORDER BY aTime desc LIMIT 7   [ RunTime:0.0169s ]
SQL: SELECT `articleId`,`aTitle`,`image`,`category` FROM `apart_article` WHERE ( image is not null AND isnav=1 AND image <> '' ) ORDER BY aTime desc LIMIT 7   [ RunTime:0.0213s ]
SQL: SELECT `articleId`,`aTitle`,`image`,`category` FROM `apart_article` WHERE ( image is not null AND (category='xszt' or category='byszt' or category='whyzt' or category='hbzt') ) ORDER BY aTime desc LIMIT 3   [ RunTime:0.0168s ]
SQL: SELECT `articleId`,`aTitle`,`image`,`category` FROM `apart_article` WHERE ( (image is not null) AND (category='whjs') ) ORDER BY aTime desc LIMIT 8   [ RunTime:0.0326s ]
INFO: [ view_parse ] --START--
INFO: [ template_filter ] --START--
INFO: Run Behavior\ContentReplaceBehavior [ RunTime:0.002712s ]
INFO: [ template_filter ] --END-- [ RunTime:0.002884s ]
INFO: Run Behavior\ParseTemplateBehavior [ RunTime:0.208866s ]
INFO: [ view_parse ] --END-- [ RunTime:0.209112s ]
INFO: [ view_filter ] --START--
INFO: Run Behavior\WriteHtmlCacheBehavior [ RunTime:0.014137s ]
INFO: [ view_filter ] --END-- [ RunTime:0.014267s ]
INFO: [ app_end ] --START--
INFO: Run Behavior\ShowPageTraceBehavior [ RunTime:0.009090s ]
INFO: [ app_end ] --END-- [ RunTime:0.009229s ]

[ 2017-10-28T23:01:38+08:00 ] ::1 /apartment/Public/Upload/images/20171015/59e2b6d213aa6.jpg
INFO: [ app_init ] --START--
INFO: Run Behavior\BuildLiteBehavior [ RunTime:0.000037s ]
INFO: [ app_init ] --END-- [ RunTime:0.001108s ]

[ 2017-10-28T23:01:38+08:00 ] ::1 /apartment/Public/Upload/images/20171015/59e2b68b9cf75.jpg
INFO: [ app_init ] --START--
INFO: Run Behavior\BuildLiteBehavior [ RunTime:0.000032s ]
INFO: [ app_init ] --END-- [ RunTime:0.001260s ]

[ 2017-10-28T23:01:38+08:00 ] ::1 /apartment/Public/Upload/images/20171015/59e2b63ca8207.jpg
INFO: [ app_init ] --START--
INFO: Run Behavior\BuildLiteBehavior [ RunTime:0.000028s ]
INFO: [ app_init ] --END-- [ RunTime:0.001185s ]

[ 2017-10-28T23:01:38+08:00 ] ::1 /apartment/Public/Upload/images/20171015/59e2b7884791b.jpg
INFO: [ app_init ] --START--
INFO: Run Behavior\BuildLiteBehavior [ RunTime:0.000033s ]
INFO: [ app_init ] --END-- [ RunTime:0.001562s ]

[ 2017-10-28T23:01:38+08:00 ] ::1 /apartment/Public/Upload/images/20171015/59e2bbf99ba11.jpg
INFO: [ app_init ] --START--
INFO: Run Behavior\BuildLiteBehavior [ RunTime:0.000029s ]
INFO: [ app_init ] --END-- [ RunTime:0.001232s ]

[ 2017-10-28T23:01:38+08:00 ] ::1 /apartment/Public/Upload/images/20171015/59e2bc3b215a1.jpg
INFO: [ app_init ] --START--
INFO: Run Behavior\BuildLiteBehavior [ RunTime:0.000276s ]
INFO: [ app_init ] --END-- [ RunTime:0.002055s ]

[ 2017-10-28T23:01:38+08:00 ] ::1 /apartment/Public/Upload/images/20171015/59e2b580eb284.jpg
INFO: [ app_init ] --START--
INFO: Run Behavior\BuildLiteBehavior [ RunTime:0.000047s ]
INFO: [ app_init ] --END-- [ RunTime:0.001551s ]

[ 2017-10-28T23:01:39+08:00 ] ::1 /apartment/Public/Upload/images/20171015/59e2bbf99ba11.jpg
INFO: [ app_init ] --START--
INFO: Run Behavior\BuildLiteBehavior [ RunTime:0.000034s ]
INFO: [ app_init ] --END-- [ RunTime:0.000967s ]

[ 2017-10-28T23:01:39+08:00 ] ::1 /apartment/Public/Upload/images/20171016/59e47a3e7a465.jpg
INFO: [ app_init ] --START--
INFO: Run Behavior\BuildLiteBehavior [ RunTime:0.000034s ]
INFO: [ app_init ] --END-- [ RunTime:0.001061s ]

[ 2017-10-28T23:01:39+08:00 ] ::1 /apartment/Public/Upload/images/20171016/59e47a5500d4b.jpg
INFO: [ app_init ] --START--
INFO: Run Behavior\BuildLiteBehavior [ RunTime:0.000045s ]
INFO: [ app_init ] --END-- [ RunTime:0.002550s ]

[ 2017-10-28T23:01:40+08:00 ] ::1 /apartment/Public/Upload/images/20171015/59e2b68b9cf75.jpg
INFO: [ app_init ] --START--
INFO: Run Behavior\BuildLiteBehavior [ RunTime:0.000038s ]
INFO: [ app_init ] --END-- [ RunTime:0.001248s ]

[ 2017-10-28T23:01:40+08:00 ] ::1 /apartment/Public/Upload/images/20171015/59e2bc3b215a1.jpg
INFO: [ app_init ] --START--
INFO: Run Behavior\BuildLiteBehavior [ RunTime:0.000044s ]
INFO: [ app_init ] --END-- [ RunTime:0.001434s ]

[ 2017-10-28T23:01:40+08:00 ] ::1 /apartment/Public/Upload/images/20171016/59e47a86cbdef.jpg
INFO: [ app_init ] --START--
INFO: Run Behavior\BuildLiteBehavior [ RunTime:0.000036s ]
INFO: [ app_init ] --END-- [ RunTime:0.001449s ]

[ 2017-10-28T23:01:40+08:00 ] ::1 /apartment/Public/Upload/images/20171015/59e2b580eb284.jpg
INFO: [ app_init ] --START--
INFO: Run Behavior\BuildLiteBehavior [ RunTime:0.000047s ]
INFO: [ app_init ] --END-- [ RunTime:0.001524s ]

[ 2017-10-28T23:01:40+08:00 ] ::1 /apartment/Public/Upload/images/20171015/59e2b63ca8207.jpg
INFO: [ app_init ] --START--
INFO: Run Behavior\BuildLiteBehavior [ RunTime:0.000046s ]
INFO: [ app_init ] --END-- [ RunTime:0.001636s ]

[ 2017-10-28T23:02:30+08:00 ] ::1 /apartment/index.php?s=/Index/login_out.html
INFO: [ app_init ] --START--
INFO: Run Behavior\BuildLiteBehavior [ RunTime:0.000038s ]
INFO: [ app_init ] --END-- [ RunTime:0.001234s ]
INFO: [ app_begin ] --START--
INFO: Run Behavior\ReadHtmlCacheBehavior [ RunTime:0.002146s ]
INFO: [ app_begin ] --END-- [ RunTime:0.002327s ]
INFO: [ view_parse ] --START--
INFO: [ template_filter ] --START--
INFO: Run Behavior\ContentReplaceBehavior [ RunTime:0.000106s ]
INFO: [ template_filter ] --END-- [ RunTime:0.000242s ]
INFO: Run Behavior\ParseTemplateBehavior [ RunTime:0.015522s ]
INFO: [ view_parse ] --END-- [ RunTime:0.015677s ]
INFO: [ view_filter ] --START--
INFO: Run Behavior\WriteHtmlCacheBehavior [ RunTime:0.001025s ]
INFO: [ view_filter ] --END-- [ RunTime:0.001149s ]

[ 2017-10-28T23:02:39+08:00 ] ::1 /apartment/sgdt.html
INFO: [ app_init ] --START--
INFO: Run Behavior\BuildLiteBehavior [ RunTime:0.000055s ]
INFO: [ app_init ] --END-- [ RunTime:0.002375s ]
INFO: [ app_begin ] --START--
INFO: Run Behavior\ReadHtmlCacheBehavior [ RunTime:0.002350s ]
INFO: [ app_begin ] --END-- [ RunTime:0.002551s ]
INFO: [ view_parse ] --START--
INFO: [ template_filter ] --START--
INFO: Run Behavior\ContentReplaceBehavior [ RunTime:0.000119s ]
INFO: [ template_filter ] --END-- [ RunTime:0.000280s ]
INFO: Run Behavior\ParseTemplateBehavior [ RunTime:0.021609s ]
INFO: [ view_parse ] --END-- [ RunTime:0.021781s ]
INFO: [ view_filter ] --START--
INFO: Run Behavior\WriteHtmlCacheBehavior [ RunTime:0.000805s ]
INFO: [ view_filter ] --END-- [ RunTime:0.000903s ]

[ 2017-10-28T23:03:56+08:00 ] ::1 /apartment/index.php?s=/Index.html
INFO: [ app_init ] --START--
INFO: Run Behavior\BuildLiteBehavior [ RunTime:0.000033s ]
INFO: [ app_init ] --END-- [ RunTime:0.001059s ]
INFO: [ app_begin ] --START--
INFO: Run Behavior\ReadHtmlCacheBehavior [ RunTime:0.002629s ]
INFO: [ app_begin ] --END-- [ RunTime:0.002808s ]
SQL: SHOW COLUMNS FROM `apart_article` [ RunTime:0.0181s ]
SQL: SELECT `articleId`,`aTitle`,`category` FROM `apart_article` WHERE `category` = 'tzgg' ORDER BY aTime desc LIMIT 7   [ RunTime:0.0169s ]
SQL: SELECT `articleId`,`aTitle`,`category` FROM `apart_article` WHERE `category` = 'fwzl' ORDER BY aTime desc LIMIT 7   [ RunTime:0.0167s ]
SQL: SELECT `articleId`,`aTitle`,`category` FROM `apart_article` WHERE `category` = 'gzzd' ORDER BY aTime desc LIMIT 7   [ RunTime:0.0164s ]
SQL: SELECT `articleId`,`aTitle`,`category` FROM `apart_article` WHERE ( category='sgdt' or category='xyxw' or category='xsgz' or category='xggy' ) ORDER BY aTime desc LIMIT 7   [ RunTime:0.0166s ]
SQL: SELECT `articleId`,`aTitle`,`category` FROM `apart_article` WHERE ( category='xfzs' or category='ydgl' or category='zagl' or category='crbzs' ) ORDER BY aTime desc LIMIT 7   [ RunTime:0.0176s ]
SQL: SELECT `articleId`,`aTitle`,`image`,`category` FROM `apart_article` WHERE ( image is not null AND isnav=1 AND image <> '' ) ORDER BY aTime desc LIMIT 7   [ RunTime:0.0170s ]
SQL: SELECT `articleId`,`aTitle`,`image`,`category` FROM `apart_article` WHERE ( image is not null AND (category='xszt' or category='byszt' or category='whyzt' or category='hbzt') ) ORDER BY aTime desc LIMIT 3   [ RunTime:0.0177s ]
SQL: SELECT `articleId`,`aTitle`,`image`,`category` FROM `apart_article` WHERE ( (image is not null) AND (category='whjs') ) ORDER BY aTime desc LIMIT 8   [ RunTime:0.0166s ]
INFO: [ view_parse ] --START--
INFO: [ template_filter ] --START--
INFO: Run Behavior\ContentReplaceBehavior [ RunTime:0.000449s ]
INFO: [ template_filter ] --END-- [ RunTime:0.000593s ]
INFO: Run Behavior\ParseTemplateBehavior [ RunTime:0.065602s ]
INFO: [ view_parse ] --END-- [ RunTime:0.065774s ]
INFO: [ view_filter ] --START--
INFO: Run Behavior\WriteHtmlCacheBehavior [ RunTime:0.001931s ]
INFO: [ view_filter ] --END-- [ RunTime:0.002074s ]
INFO: [ app_end ] --START--
INFO: Run Behavior\ShowPageTraceBehavior [ RunTime:0.002523s ]
INFO: [ app_end ] --END-- [ RunTime:0.002725s ]

[ 2017-10-28T23:03:56+08:00 ] ::1 /apartment/Public/Upload/images/20171015/59e2bc3b215a1.jpg
INFO: [ app_init ] --START--
INFO: Run Behavior\BuildLiteBehavior [ RunTime:0.000041s ]
INFO: [ app_init ] --END-- [ RunTime:0.001699s ]

[ 2017-10-28T23:03:57+08:00 ] ::1 /apartment/Public/Upload/images/20171015/59e2bbf99ba11.jpg
INFO: [ app_init ] --START--
INFO: Run Behavior\BuildLiteBehavior [ RunTime:0.000040s ]
INFO: [ app_init ] --END-- [ RunTime:0.002438s ]

[ 2017-10-28T23:03:57+08:00 ] ::1 /apartment/Public/Upload/images/20171015/59e2b7884791b.jpg
INFO: [ app_init ] --START--
INFO: Run Behavior\BuildLiteBehavior [ RunTime:0.000044s ]
INFO: [ app_init ] --END-- [ RunTime:0.001339s ]

[ 2017-10-28T23:03:57+08:00 ] ::1 /apartment/Public/Upload/images/20171015/59e2b6d213aa6.jpg
INFO: [ app_init ] --START--
INFO: Run Behavior\BuildLiteBehavior [ RunTime:0.000045s ]
INFO: [ app_init ] --END-- [ RunTime:0.001446s ]

[ 2017-10-28T23:03:57+08:00 ] ::1 /apartment/Public/Upload/images/20171015/59e2b63ca8207.jpg
INFO: [ app_init ] --START--
INFO: Run Behavior\BuildLiteBehavior [ RunTime:0.000046s ]
INFO: [ app_init ] --END-- [ RunTime:0.001762s ]

[ 2017-10-28T23:03:57+08:00 ] ::1 /apartment/Public/Upload/images/20171015/59e2b68b9cf75.jpg
INFO: [ app_init ] --START--
INFO: Run Behavior\BuildLiteBehavior [ RunTime:0.000046s ]
INFO: [ app_init ] --END-- [ RunTime:0.001921s ]

[ 2017-10-28T23:03:57+08:00 ] ::1 /apartment/Public/Upload/images/20171015/59e2b580eb284.jpg
INFO: [ app_init ] --START--
INFO: Run Behavior\BuildLiteBehavior [ RunTime:0.000059s ]
INFO: [ app_init ] --END-- [ RunTime:0.003069s ]

[ 2017-10-28T23:03:57+08:00 ] ::1 /apartment/Public/Upload/images/20171016/59e47a86cbdef.jpg
INFO: [ app_init ] --START--
INFO: Run Behavior\BuildLiteBehavior [ RunTime:0.000038s ]
INFO: [ app_init ] --END-- [ RunTime:0.001325s ]

[ 2017-10-28T23:03:57+08:00 ] ::1 /apartment/Public/Upload/images/20171016/59e47a3e7a465.jpg
INFO: [ app_init ] --START--
INFO: Run Behavior\BuildLiteBehavior [ RunTime:0.000044s ]
INFO: [ app_init ] --END-- [ RunTime:0.001363s ]

[ 2017-10-28T23:03:57+08:00 ] ::1 /apartment/Public/Upload/images/20171015/59e2bc3b215a1.jpg
INFO: [ app_init ] --START--
INFO: Run Behavior\BuildLiteBehavior [ RunTime:0.000038s ]
INFO: [ app_init ] --END-- [ RunTime:0.001079s ]

[ 2017-10-28T23:03:57+08:00 ] ::1 /apartment/Public/Upload/images/20171016/59e47a5500d4b.jpg
INFO: [ app_init ] --START--
INFO: Run Behavior\BuildLiteBehavior [ RunTime:0.000036s ]
INFO: [ app_init ] --END-- [ RunTime:0.001043s ]

[ 2017-10-28T23:05:18+08:00 ] ::1 /apartment/whjs.html
INFO: [ app_init ] --START--
INFO: Run Behavior\BuildLiteBehavior [ RunTime:0.000062s ]
INFO: [ app_init ] --END-- [ RunTime:0.001282s ]
INFO: [ app_begin ] --START--
INFO: Run Behavior\ReadHtmlCacheBehavior [ RunTime:0.001461s ]
INFO: [ app_begin ] --END-- [ RunTime:0.001618s ]
INFO: [ view_parse ] --START--
INFO: [ template_filter ] --START--
INFO: Run Behavior\ContentReplaceBehavior [ RunTime:0.000095s ]
INFO: [ template_filter ] --END-- [ RunTime:0.000228s ]
INFO: Run Behavior\ParseTemplateBehavior [ RunTime:0.016082s ]
INFO: [ view_parse ] --END-- [ RunTime:0.016243s ]
INFO: [ view_filter ] --START--
INFO: Run Behavior\WriteHtmlCacheBehavior [ RunTime:0.000829s ]
INFO: [ view_filter ] --END-- [ RunTime:0.000923s ]

[ 2017-10-28T23:06:12+08:00 ] ::1 /apartment/xyxw.html
INFO: [ app_init ] --START--
INFO: Run Behavior\BuildLiteBehavior [ RunTime:0.000034s ]
INFO: [ app_init ] --END-- [ RunTime:0.001113s ]
INFO: [ app_begin ] --START--
INFO: Run Behavior\ReadHtmlCacheBehavior [ RunTime:0.001597s ]
INFO: [ app_begin ] --END-- [ RunTime:0.001764s ]
INFO: [ view_parse ] --START--
INFO: [ template_filter ] --START--
INFO: Run Behavior\ContentReplaceBehavior [ RunTime:0.000104s ]
INFO: [ template_filter ] --END-- [ RunTime:0.000237s ]
INFO: Run Behavior\ParseTemplateBehavior [ RunTime:0.015866s ]
INFO: [ view_parse ] --END-- [ RunTime:0.016018s ]
INFO: [ view_filter ] --START--
INFO: Run Behavior\WriteHtmlCacheBehavior [ RunTime:0.000811s ]
INFO: [ view_filter ] --END-- [ RunTime:0.000916s ]

[ 2017-10-28T23:15:52+08:00 ] ::1 /apartment/index.php
INFO: [ app_init ] --START--
INFO: Run Behavior\BuildLiteBehavior [ RunTime:0.000030s ]
INFO: [ app_init ] --END-- [ RunTime:0.000964s ]
INFO: [ app_begin ] --START--
INFO: Run Behavior\ReadHtmlCacheBehavior [ RunTime:0.001114s ]
INFO: [ app_begin ] --END-- [ RunTime:0.001224s ]
SQL: SHOW COLUMNS FROM `apart_article` [ RunTime:0.0185s ]
SQL: SELECT `articleId`,`aTitle`,`category` FROM `apart_article` WHERE `category` = 'tzgg' ORDER BY aTime desc LIMIT 7   [ RunTime:0.0178s ]
SQL: SELECT `articleId`,`aTitle`,`category` FROM `apart_article` WHERE `category` = 'fwzl' ORDER BY aTime desc LIMIT 7   [ RunTime:0.0176s ]
SQL: SELECT `articleId`,`aTitle`,`category` FROM `apart_article` WHERE `category` = 'gzzd' ORDER BY aTime desc LIMIT 7   [ RunTime:0.0177s ]
SQL: SELECT `articleId`,`aTitle`,`category` FROM `apart_article` WHERE ( category='sgdt' or category='xyxw' or category='xsgz' or category='xggy' ) ORDER BY aTime desc LIMIT 7   [ RunTime:0.0178s ]
SQL: SELECT `articleId`,`aTitle`,`category` FROM `apart_article` WHERE ( category='xfzs' or category='ydgl' or category='zagl' or category='crbzs' ) ORDER BY aTime desc LIMIT 7   [ RunTime:0.0177s ]
SQL: SELECT `articleId`,`aTitle`,`image`,`category` FROM `apart_article` WHERE ( image is not null AND isnav=1 AND image <> '' ) ORDER BY aTime desc LIMIT 7   [ RunTime:0.0180s ]
SQL: SELECT `articleId`,`aTitle`,`image`,`category` FROM `apart_article` WHERE ( image is not null AND (category='xszt' or category='byszt' or category='whyzt' or category='hbzt') ) ORDER BY aTime desc LIMIT 3   [ RunTime:0.0180s ]
SQL: SELECT `articleId`,`aTitle`,`image`,`category` FROM `apart_article` WHERE ( (image is not null) AND (category='whjs') ) ORDER BY aTime desc LIMIT 8   [ RunTime:0.0179s ]
INFO: [ view_parse ] --START--
INFO: [ template_filter ] --START--
INFO: Run Behavior\ContentReplaceBehavior [ RunTime:0.000358s ]
INFO: [ template_filter ] --END-- [ RunTime:0.000490s ]
INFO: Run Behavior\ParseTemplateBehavior [ RunTime:0.057649s ]
INFO: [ view_parse ] --END-- [ RunTime:0.057821s ]
INFO: [ view_filter ] --START--
INFO: Run Behavior\WriteHtmlCacheBehavior [ RunTime:0.001070s ]
INFO: [ view_filter ] --END-- [ RunTime:0.001169s ]
INFO: [ app_end ] --START--
INFO: Run Behavior\ShowPageTraceBehavior [ RunTime:0.001743s ]
INFO: [ app_end ] --END-- [ RunTime:0.001888s ]

[ 2017-10-28T23:15:52+08:00 ] ::1 /apartment/Public/Upload/images/20171015/59e2bc3b215a1.jpg
INFO: [ app_init ] --START--
INFO: Run Behavior\BuildLiteBehavior [ RunTime:0.000039s ]
INFO: [ app_init ] --END-- [ RunTime:0.001651s ]

[ 2017-10-28T23:15:52+08:00 ] ::1 /apartment/Public/Upload/images/20171015/59e2b63ca8207.jpg
INFO: [ app_init ] --START--
INFO: Run Behavior\BuildLiteBehavior [ RunTime:0.000037s ]
INFO: [ app_init ] --END-- [ RunTime:0.001376s ]

[ 2017-10-28T23:15:52+08:00 ] ::1 /apartment/Public/Upload/images/20171015/59e2b6d213aa6.jpg
INFO: [ app_init ] --START--
INFO: Run Behavior\BuildLiteBehavior [ RunTime:0.000038s ]
INFO: [ app_init ] --END-- [ RunTime:0.001535s ]

[ 2017-10-28T23:15:52+08:00 ] ::1 /apartment/Public/Upload/images/20171015/59e2b580eb284.jpg
INFO: [ app_init ] --START--
INFO: Run Behavior\BuildLiteBehavior [ RunTime:0.000045s ]
INFO: [ app_init ] --END-- [ RunTime:0.001529s ]

[ 2017-10-28T23:15:52+08:00 ] ::1 /apartment/Public/Upload/images/20171015/59e2bbf99ba11.jpg
INFO: [ app_init ] --START--
INFO: Run Behavior\BuildLiteBehavior [ RunTime:0.000044s ]
INFO: [ app_init ] --END-- [ RunTime:0.001484s ]

[ 2017-10-28T23:15:53+08:00 ] ::1 /apartment/Public/Upload/images/20171016/59e47a5500d4b.jpg
INFO: [ app_init ] --START--
INFO: Run Behavior\BuildLiteBehavior [ RunTime:0.000038s ]
INFO: [ app_init ] --END-- [ RunTime:0.001212s ]

[ 2017-10-28T23:15:53+08:00 ] ::1 /apartment/Public/Upload/images/20171016/59e47a86cbdef.jpg
INFO: [ app_init ] --START--
INFO: Run Behavior\BuildLiteBehavior [ RunTime:0.000039s ]
INFO: [ app_init ] --END-- [ RunTime:0.001410s ]

[ 2017-10-28T23:15:53+08:00 ] ::1 /apartment/Public/Upload/images/20171015/59e2bc3b215a1.jpg
INFO: [ app_init ] --START--
INFO: Run Behavior\BuildLiteBehavior [ RunTime:0.000032s ]
INFO: [ app_init ] --END-- [ RunTime:0.001013s ]

[ 2017-10-28T23:15:53+08:00 ] ::1 /apartment/Public/Upload/images/20171016/59e47a3e7a465.jpg
INFO: [ app_init ] --START--
INFO: Run Behavior\BuildLiteBehavior [ RunTime:0.000036s ]
INFO: [ app_init ] --END-- [ RunTime:0.001028s ]

[ 2017-10-28T23:17:36+08:00 ] ::1 /apartment/index.php
INFO: [ app_init ] --START--
INFO: Run Behavior\BuildLiteBehavior [ RunTime:0.000044s ]
INFO: [ app_init ] --END-- [ RunTime:0.001428s ]
INFO: [ app_begin ] --START--
INFO: Run Behavior\ReadHtmlCacheBehavior [ RunTime:0.003758s ]
INFO: [ app_begin ] --END-- [ RunTime:0.003995s ]
SQL: SHOW COLUMNS FROM `apart_article` [ RunTime:0.0197s ]
SQL: SELECT `articleId`,`aTitle`,`category` FROM `apart_article` WHERE `category` = 'tzgg' ORDER BY aTime desc LIMIT 7   [ RunTime:0.0191s ]
SQL: SELECT `articleId`,`aTitle`,`category` FROM `apart_article` WHERE `category` = 'fwzl' ORDER BY aTime desc LIMIT 7   [ RunTime:0.0190s ]
SQL: SELECT `articleId`,`aTitle`,`category` FROM `apart_article` WHERE `category` = 'gzzd' ORDER BY aTime desc LIMIT 7   [ RunTime:0.0190s ]
SQL: SELECT `articleId`,`aTitle`,`category` FROM `apart_article` WHERE ( category='sgdt' or category='xyxw' or category='xsgz' or category='xggy' ) ORDER BY aTime desc LIMIT 7   [ RunTime:0.0205s ]
SQL: SELECT `articleId`,`aTitle`,`category` FROM `apart_article` WHERE ( category='xfzs' or category='ydgl' or category='zagl' or category='crbzs' ) ORDER BY aTime desc LIMIT 7   [ RunTime:0.0254s ]
SQL: SELECT `articleId`,`aTitle`,`image`,`category` FROM `apart_article` WHERE ( image is not null AND isnav=1 AND image <> '' ) ORDER BY aTime desc LIMIT 7   [ RunTime:0.0193s ]
SQL: SELECT `articleId`,`aTitle`,`image`,`category` FROM `apart_article` WHERE ( image is not null AND (category='xszt' or category='byszt' or category='whyzt' or category='hbzt') ) ORDER BY aTime desc LIMIT 3   [ RunTime:0.0189s ]
SQL: SELECT `articleId`,`aTitle`,`image`,`category` FROM `apart_article` WHERE ( (image is not null) AND (category='whjs') ) ORDER BY aTime desc LIMIT 8   [ RunTime:0.0188s ]
INFO: [ view_parse ] --START--
INFO: [ template_filter ] --START--
INFO: Run Behavior\ContentReplaceBehavior [ RunTime:0.000381s ]
INFO: [ template_filter ] --END-- [ RunTime:0.000531s ]
INFO: Run Behavior\ParseTemplateBehavior [ RunTime:0.061504s ]
INFO: [ view_parse ] --END-- [ RunTime:0.061677s ]
INFO: [ view_filter ] --START--
INFO: Run Behavior\WriteHtmlCacheBehavior [ RunTime:0.001510s ]
INFO: [ view_filter ] --END-- [ RunTime:0.001636s ]
INFO: [ app_end ] --START--
INFO: Run Behavior\ShowPageTraceBehavior [ RunTime:0.003292s ]
INFO: [ app_end ] --END-- [ RunTime:0.003445s ]

[ 2017-10-28T23:17:36+08:00 ] ::1 /apartment/Public/Upload/images/20171015/59e2bc3b215a1.jpg
INFO: [ app_init ] --START--
INFO: Run Behavior\BuildLiteBehavior [ RunTime:0.000039s ]
INFO: [ app_init ] --END-- [ RunTime:0.001462s ]

[ 2017-10-28T23:17:36+08:00 ] ::1 /apartment/Public/Upload/images/20171015/59e2b7884791b.jpg
INFO: [ app_init ] --START--
INFO: Run Behavior\BuildLiteBehavior [ RunTime:0.000035s ]
INFO: [ app_init ] --END-- [ RunTime:0.001003s ]

[ 2017-10-28T23:17:36+08:00 ] ::1 /apartment/Public/Upload/images/20171015/59e2bbf99ba11.jpg
INFO: [ app_init ] --START--
INFO: Run Behavior\BuildLiteBehavior [ RunTime:0.000034s ]
INFO: [ app_init ] --END-- [ RunTime:0.001112s ]

[ 2017-10-28T23:17:36+08:00 ] ::1 /apartment/Public/Upload/images/20171015/59e2b63ca8207.jpg
INFO: [ app_init ] --START--
INFO: Run Behavior\BuildLiteBehavior [ RunTime:0.000042s ]
INFO: [ app_init ] --END-- [ RunTime:0.001308s ]

[ 2017-10-28T23:17:36+08:00 ] ::1 /apartment/Public/Upload/images/20171015/59e2b6d213aa6.jpg
INFO: [ app_init ] --START--
INFO: Run Behavior\BuildLiteBehavior [ RunTime:0.000036s ]
INFO: [ app_init ] --END-- [ RunTime:0.001056s ]

[ 2017-10-28T23:17:36+08:00 ] ::1 /apartment/Public/Upload/images/20171015/59e2b68b9cf75.jpg
INFO: [ app_init ] --START--
INFO: Run Behavior\BuildLiteBehavior [ RunTime:0.000042s ]
INFO: [ app_init ] --END-- [ RunTime:0.001284s ]

[ 2017-10-28T23:17:36+08:00 ] ::1 /apartment/Public/Upload/images/20171015/59e2b580eb284.jpg
INFO: [ app_init ] --START--
INFO: Run Behavior\BuildLiteBehavior [ RunTime:0.000056s ]
INFO: [ app_init ] --END-- [ RunTime:0.002257s ]

[ 2017-10-28T23:17:36+08:00 ] ::1 /apartment/Public/Upload/images/20171016/59e47a86cbdef.jpg
INFO: [ app_init ] --START--
INFO: Run Behavior\BuildLiteBehavior [ RunTime:0.000035s ]
INFO: [ app_init ] --END-- [ RunTime:0.001111s ]

[ 2017-10-28T23:17:36+08:00 ] ::1 /apartment/Public/Upload/images/20171016/59e47a5500d4b.jpg
INFO: [ app_init ] --START--
INFO: Run Behavior\BuildLiteBehavior [ RunTime:0.000033s ]
INFO: [ app_init ] --END-- [ RunTime:0.001157s ]

[ 2017-10-28T23:17:36+08:00 ] ::1 /apartment/Public/Upload/images/20171015/59e2bc3b215a1.jpg
INFO: [ app_init ] --START--
INFO: Run Behavior\BuildLiteBehavior [ RunTime:0.000036s ]
INFO: [ app_init ] --END-- [ RunTime:0.001259s ]

[ 2017-10-28T23:17:36+08:00 ] ::1 /apartment/Public/Upload/images/20171016/59e47a3e7a465.jpg
INFO: [ app_init ] --START--
INFO: Run Behavior\BuildLiteBehavior [ RunTime:0.000046s ]
INFO: [ app_init ] --END-- [ RunTime:0.001639s ]

